<?xml version="1.0" encoding="UTF-8"?>
<testsuite xmlns:xsi="http://www.w3.org/2001/XMLSchema-instance" xsi:noNamespaceSchemaLocation="https://maven.apache.org/surefire/maven-surefire-plugin/xsd/surefire-test-report-3.0.xsd" version="3.0" name="com.luckypets.logistics.deliveryservice.integrationtest.DeliveryServiceIntegrationTest" time="15.751" tests="1" errors="0" skipped="0" failures="0">
  <properties>
[...]
</properties>
  <testcase name="markAsDelivered_persistsEntity_and_publishesEventToKafka" classname="com.luckypets.logistics.deliveryservice.integrationtest.DeliveryServiceIntegrationTest" time="2.108">
    <system-out><![CDATA[18:28:37.851 [main] INFO org.springframework.test.context.support.AnnotationConfigContextLoaderUtils -- Could not detect default configuration classes for test class [com.luckypets.logistics.deliveryservice.integrationtest.DeliveryServiceIntegrationTest]: DeliveryServiceIntegrationTest does not declare any static, non-private, non-final, nested classes annotated with @Configuration.
18:28:37.987 [main] INFO org.springframework.boot.test.context.SpringBootTestContextBootstrapper -- Found @SpringBootConfiguration com.luckypets.logistics.deliveryservice.DeliveryServiceApplication for test class com.luckypets.logistics.deliveryservice.integrationtest.DeliveryServiceIntegrationTest
18:28:38.263 [main] INFO org.testcontainers.images.PullPolicy -- Image pull policy will be performed by: DefaultPullPolicy()
18:28:38.268 [main] INFO org.testcontainers.utility.ImageNameSubstitutor -- Image name substitution will be performed by: DefaultImageNameSubstitutor (composite of 'ConfigurationFileImageNameSubstitutor' and 'PrefixingImageNameSubstitutor')
18:28:38.768 [main] INFO org.testcontainers.dockerclient.DockerClientProviderStrategy -- Loaded org.testcontainers.dockerclient.NpipeSocketClientProviderStrategy from ~/.testcontainers.properties, will try it first
18:28:39.148 [main] INFO org.testcontainers.dockerclient.DockerClientProviderStrategy -- Found Docker environment with local Npipe socket (npipe:////./pipe/docker_engine)
18:28:39.149 [main] INFO org.testcontainers.DockerClientFactory -- Docker host IP address is localhost
18:28:39.168 [main] INFO org.testcontainers.DockerClientFactory -- Connected to docker: 
  Server Version: 27.4.0
  API Version: 1.47
  Operating System: Docker Desktop
  Total Memory: 7873 MB
18:28:39.321 [main] INFO tc.testcontainers/ryuk:0.6.0 -- Creating container for image: testcontainers/ryuk:0.6.0
18:28:39.481 [main] INFO org.testcontainers.utility.RegistryAuthLocator -- Credential helper/store (docker-credential-desktop) does not have credentials for https://index.docker.io/v1/
18:28:39.626 [main] INFO tc.testcontainers/ryuk:0.6.0 -- Container testcontainers/ryuk:0.6.0 is starting: bbc055a0630990eabcb56519ec8ce3d30738ade3c64e9522a69bfca97d3f6867
18:28:40.231 [main] INFO tc.testcontainers/ryuk:0.6.0 -- Container testcontainers/ryuk:0.6.0 started in PT0.9094672S
18:28:40.238 [main] INFO org.testcontainers.utility.RyukResourceReaper -- Ryuk started - will monitor and terminate Testcontainers containers on JVM exit
18:28:40.238 [main] INFO org.testcontainers.DockerClientFactory -- Checking the system...
18:28:40.239 [main] INFO org.testcontainers.DockerClientFactory -- ✔︎ Docker server version should be at least 1.6.0
18:28:40.240 [main] INFO tc.confluentinc/cp-kafka:7.4.0 -- Creating container for image: confluentinc/cp-kafka:7.4.0
18:28:40.331 [main] INFO tc.confluentinc/cp-kafka:7.4.0 -- Container confluentinc/cp-kafka:7.4.0 is starting: 7aaaddc0aa3daf6244aacbc6be3d7c278d596808a1b10664a8fbd39941720d36
18:28:45.308 [main] INFO tc.confluentinc/cp-kafka:7.4.0 -- Container confluentinc/cp-kafka:7.4.0 started in PT5.0681869S

  .   ____          _            __ _ _
 /\\ / ___'_ __ _ _(_)_ __  __ _ \ \ \ \
( ( )\___ | '_ | '_| | '_ \/ _` | \ \ \ \
 \\/  ___)| |_)| | | | | || (_| |  ) ) ) )
  '  |____| .__|_| |_|_| |_\__, | / / / /
 =========|_|==============|___/=/_/_/_/
 :: Spring Boot ::                (v3.2.3)

2025-06-04T18:28:45.734+02:00  INFO 18760 --- [shared] [           main] c.l.l.d.i.DeliveryServiceIntegrationTest : Starting DeliveryServiceIntegrationTest using Java 24 with PID 18760 (started by Marco Kaul in C:\Users\Marco Kaul\LogisticSystem\deliveryservice)
2025-06-04T18:28:45.735+02:00  INFO 18760 --- [shared] [           main] c.l.l.d.i.DeliveryServiceIntegrationTest : The following 1 profile is active: "test"
2025-06-04T18:28:46.406+02:00  INFO 18760 --- [shared] [           main] .s.d.r.c.RepositoryConfigurationDelegate : Bootstrapping Spring Data JPA repositories in DEFAULT mode.
2025-06-04T18:28:46.459+02:00  INFO 18760 --- [shared] [           main] .s.d.r.c.RepositoryConfigurationDelegate : Finished Spring Data repository scanning in 46 ms. Found 1 JPA repository interface.
2025-06-04T18:28:47.847+02:00  INFO 18760 --- [shared] [           main] o.s.b.w.embedded.tomcat.TomcatWebServer  : Tomcat initialized with port 0 (http)
2025-06-04T18:28:47.861+02:00  INFO 18760 --- [shared] [           main] o.apache.catalina.core.StandardService   : Starting service [Tomcat]
2025-06-04T18:28:47.862+02:00  INFO 18760 --- [shared] [           main] o.apache.catalina.core.StandardEngine    : Starting Servlet engine: [Apache Tomcat/10.1.19]
2025-06-04T18:28:47.955+02:00  INFO 18760 --- [shared] [           main] o.a.c.c.C.[Tomcat].[localhost].[/]       : Initializing Spring embedded WebApplicationContext
2025-06-04T18:28:47.955+02:00  INFO 18760 --- [shared] [           main] w.s.c.ServletWebServerApplicationContext : Root WebApplicationContext: initialization completed in 2206 ms
2025-06-04T18:28:47.989+02:00  INFO 18760 --- [shared] [           main] com.zaxxer.hikari.HikariDataSource       : HikariPool-1 - Starting...
2025-06-04T18:28:48.184+02:00  INFO 18760 --- [shared] [           main] com.zaxxer.hikari.pool.HikariPool        : HikariPool-1 - Added connection conn0: url=jdbc:h2:mem:testdb user=SA
2025-06-04T18:28:48.186+02:00  INFO 18760 --- [shared] [           main] com.zaxxer.hikari.HikariDataSource       : HikariPool-1 - Start completed.
2025-06-04T18:28:48.199+02:00  INFO 18760 --- [shared] [           main] o.s.b.a.h2.H2ConsoleAutoConfiguration    : H2 console available at '/h2-console'. Database available at 'jdbc:h2:mem:testdb'
2025-06-04T18:28:48.331+02:00  INFO 18760 --- [shared] [           main] o.hibernate.jpa.internal.util.LogHelper  : HHH000204: Processing PersistenceUnitInfo [name: default]
2025-06-04T18:28:48.406+02:00  INFO 18760 --- [shared] [           main] org.hibernate.Version                    : HHH000412: Hibernate ORM core version 6.4.4.Final
2025-06-04T18:28:48.449+02:00  INFO 18760 --- [shared] [           main] o.h.c.internal.RegionFactoryInitiator    : HHH000026: Second-level cache disabled
2025-06-04T18:28:48.596+02:00  INFO 18760 --- [shared] [           main] o.s.o.j.p.SpringPersistenceUnitInfo      : No LoadTimeWeaver setup: ignoring JPA class transformer
2025-06-04T18:28:48.673+02:00  WARN 18760 --- [shared] [           main] org.hibernate.orm.deprecation            : HHH90000025: H2Dialect does not need to be specified explicitly using 'hibernate.dialect' (remove the property setting and it will be selected by default)
2025-06-04T18:28:49.650+02:00  INFO 18760 --- [shared] [           main] o.h.e.t.j.p.i.JtaPlatformInitiator       : HHH000489: No JTA platform available (set 'hibernate.transaction.jta.platform' to enable JTA platform integration)
Hibernate: 
    drop table if exists shipments cascade 
Hibernate: 
    create table shipments (
        created_at timestamp(6),
        delivered_at timestamp(6),
        last_scanned_at timestamp(6),
        customer_id varchar(255),
        destination varchar(255),
        last_location varchar(255),
        origin varchar(255),
        shipment_id varchar(255) not null,
        status varchar(255) not null check (status in ('CREATED','IN_TRANSIT','DELIVERED','LOST','RETURNED')),
        primary key (shipment_id)
    )
2025-06-04T18:28:49.688+02:00  INFO 18760 --- [shared] [           main] j.LocalContainerEntityManagerFactoryBean : Initialized JPA EntityManagerFactory for persistence unit 'default'
2025-06-04T18:28:50.095+02:00  WARN 18760 --- [shared] [           main] JpaBaseConfiguration$JpaWebConfiguration : spring.jpa.open-in-view is enabled by default. Therefore, database queries may be performed during view rendering. Explicitly configure spring.jpa.open-in-view to disable this warning
2025-06-04T18:28:50.472+02:00  INFO 18760 --- [shared] [           main] o.a.c.c.C.[Tomcat].[localhost].[/]       : Initializing Spring TestDispatcherServlet ''
2025-06-04T18:28:50.473+02:00  INFO 18760 --- [shared] [           main] o.s.t.web.servlet.TestDispatcherServlet  : Initializing Servlet ''
2025-06-04T18:28:50.474+02:00  INFO 18760 --- [shared] [           main] o.s.t.web.servlet.TestDispatcherServlet  : Completed initialization in 1 ms
2025-06-04T18:28:50.524+02:00  INFO 18760 --- [shared] [           main] o.s.b.w.embedded.tomcat.TomcatWebServer  : Tomcat started on port 64584 (http) with context path ''
2025-06-04T18:28:50.534+02:00  INFO 18760 --- [shared] [           main] c.l.l.d.i.DeliveryServiceIntegrationTest : Started DeliveryServiceIntegrationTest in 5.168 seconds (process running for 13.525)
2025-06-04T18:28:50.580+02:00  INFO 18760 --- [shared] [           main] o.a.k.clients.consumer.ConsumerConfig    : ConsumerConfig values: 
	allow.auto.create.topics = true
	auto.commit.interval.ms = 5000
	auto.include.jmx.reporter = true
	auto.offset.reset = earliest
	bootstrap.servers = [PLAINTEXT://localhost:64574]
	check.crcs = true
	client.dns.lookup = use_all_dns_ips
	client.id = consumer-test-consumer-group-5ac0945a-249f-438c-920f-5dcdb21bd60c-1
	client.rack = 
	connections.max.idle.ms = 540000
	default.api.timeout.ms = 60000
	enable.auto.commit = false
	exclude.internal.topics = true
	fetch.max.bytes = 52428800
	fetch.max.wait.ms = 500
	fetch.min.bytes = 1
	group.id = test-consumer-group-5ac0945a-249f-438c-920f-5dcdb21bd60c
	group.instance.id = null
	heartbeat.interval.ms = 3000
	interceptor.classes = []
	internal.leave.group.on.close = true
	internal.throw.on.fetch.stable.offset.unsupported = false
	isolation.level = read_uncommitted
	key.deserializer = class org.apache.kafka.common.serialization.StringDeserializer
	max.partition.fetch.bytes = 1048576
	max.poll.interval.ms = 300000
	max.poll.records = 500
	metadata.max.age.ms = 300000
	metric.reporters = []
	metrics.num.samples = 2
	metrics.recording.level = INFO
	metrics.sample.window.ms = 30000
	partition.assignment.strategy = [class org.apache.kafka.clients.consumer.RangeAssignor, class org.apache.kafka.clients.consumer.CooperativeStickyAssignor]
	receive.buffer.bytes = 65536
	reconnect.backoff.max.ms = 1000
	reconnect.backoff.ms = 50
	request.timeout.ms = 30000
	retry.backoff.ms = 100
	sasl.client.callback.handler.class = null
	sasl.jaas.config = null
	sasl.kerberos.kinit.cmd = /usr/bin/kinit
	sasl.kerberos.min.time.before.relogin = 60000
	sasl.kerberos.service.name = null
	sasl.kerberos.ticket.renew.jitter = 0.05
	sasl.kerberos.ticket.renew.window.factor = 0.8
	sasl.login.callback.handler.class = null
	sasl.login.class = null
	sasl.login.connect.timeout.ms = null
	sasl.login.read.timeout.ms = null
	sasl.login.refresh.buffer.seconds = 300
	sasl.login.refresh.min.period.seconds = 60
	sasl.login.refresh.window.factor = 0.8
	sasl.login.refresh.window.jitter = 0.05
	sasl.login.retry.backoff.max.ms = 10000
	sasl.login.retry.backoff.ms = 100
	sasl.mechanism = GSSAPI
	sasl.oauthbearer.clock.skew.seconds = 30
	sasl.oauthbearer.expected.audience = null
	sasl.oauthbearer.expected.issuer = null
	sasl.oauthbearer.jwks.endpoint.refresh.ms = 3600000
	sasl.oauthbearer.jwks.endpoint.retry.backoff.max.ms = 10000
	sasl.oauthbearer.jwks.endpoint.retry.backoff.ms = 100
	sasl.oauthbearer.jwks.endpoint.url = null
	sasl.oauthbearer.scope.claim.name = scope
	sasl.oauthbearer.sub.claim.name = sub
	sasl.oauthbearer.token.endpoint.url = null
	security.protocol = PLAINTEXT
	security.providers = null
	send.buffer.bytes = 131072
	session.timeout.ms = 45000
	socket.connection.setup.timeout.max.ms = 30000
	socket.connection.setup.timeout.ms = 10000
	ssl.cipher.suites = null
	ssl.enabled.protocols = [TLSv1.2, TLSv1.3]
	ssl.endpoint.identification.algorithm = https
	ssl.engine.factory.class = null
	ssl.key.password = null
	ssl.keymanager.algorithm = SunX509
	ssl.keystore.certificate.chain = null
	ssl.keystore.key = null
	ssl.keystore.location = null
	ssl.keystore.password = null
	ssl.keystore.type = JKS
	ssl.protocol = TLSv1.3
	ssl.provider = null
	ssl.secure.random.implementation = null
	ssl.trustmanager.algorithm = PKIX
	ssl.truststore.certificates = null
	ssl.truststore.location = null
	ssl.truststore.password = null
	ssl.truststore.type = JKS
	value.deserializer = class org.springframework.kafka.support.serializer.JsonDeserializer

2025-06-04T18:28:50.791+02:00  INFO 18760 --- [shared] [           main] o.a.kafka.common.utils.AppInfoParser     : Kafka version: 3.6.1
2025-06-04T18:28:50.791+02:00  INFO 18760 --- [shared] [           main] o.a.kafka.common.utils.AppInfoParser     : Kafka commitId: 5e3c2b738d253ff5
2025-06-04T18:28:50.791+02:00  INFO 18760 --- [shared] [           main] o.a.kafka.common.utils.AppInfoParser     : Kafka startTimeMs: 1749054530789
2025-06-04T18:28:50.793+02:00  INFO 18760 --- [shared] [           main] o.a.k.clients.consumer.KafkaConsumer     : [Consumer clientId=consumer-test-consumer-group-5ac0945a-249f-438c-920f-5dcdb21bd60c-1, groupId=test-consumer-group-5ac0945a-249f-438c-920f-5dcdb21bd60c] Subscribed to topic(s): shipment-delivered
Hibernate: 
    select
        se1_0.shipment_id,
        se1_0.created_at,
        se1_0.customer_id,
        se1_0.delivered_at,
        se1_0.destination,
        se1_0.last_location,
        se1_0.last_scanned_at,
        se1_0.origin,
        se1_0.status 
    from
        shipments se1_0 
    where
        se1_0.shipment_id=?
Hibernate: 
    insert 
    into
        shipments
        (created_at, customer_id, delivered_at, destination, last_location, last_scanned_at, origin, status, shipment_id) 
    values
        (?, ?, ?, ?, ?, ?, ?, ?, ?)
Hibernate: 
    select
        se1_0.shipment_id,
        se1_0.created_at,
        se1_0.customer_id,
        se1_0.delivered_at,
        se1_0.destination,
        se1_0.last_location,
        se1_0.last_scanned_at,
        se1_0.origin,
        se1_0.status 
    from
        shipments se1_0 
    where
        se1_0.shipment_id=?
Hibernate: 
    update
        shipments 
    set
        created_at=?,
        customer_id=?,
        delivered_at=?,
        destination=?,
        last_location=?,
        last_scanned_at=?,
        origin=?,
        status=? 
    where
        shipment_id=?
2025-06-04T18:28:51.021+02:00  INFO 18760 --- [shared] [           main] c.l.l.d.k.ShipmentDeliveredEventProducer : Sende ShipmentDeliveredEvent: com.luckypets.logistics.shared.events.ShipmentDeliveredEvent@3c1fe350
2025-06-04T18:28:51.032+02:00  INFO 18760 --- [shared] [           main] o.a.k.clients.producer.ProducerConfig    : ProducerConfig values: 
	acks = -1
	auto.include.jmx.reporter = true
	batch.size = 16384
	bootstrap.servers = [PLAINTEXT://localhost:64574]
	buffer.memory = 33554432
	client.dns.lookup = use_all_dns_ips
	client.id = producer-1
	compression.type = none
	connections.max.idle.ms = 540000
	delivery.timeout.ms = 120000
	enable.idempotence = true
	interceptor.classes = []
	key.serializer = class org.apache.kafka.common.serialization.StringSerializer
	linger.ms = 0
	max.block.ms = 60000
	max.in.flight.requests.per.connection = 5
	max.request.size = 1048576
	metadata.max.age.ms = 300000
	metadata.max.idle.ms = 300000
	metric.reporters = []
	metrics.num.samples = 2
	metrics.recording.level = INFO
	metrics.sample.window.ms = 30000
	partitioner.adaptive.partitioning.enable = true
	partitioner.availability.timeout.ms = 0
	partitioner.class = null
	partitioner.ignore.keys = false
	receive.buffer.bytes = 32768
	reconnect.backoff.max.ms = 1000
	reconnect.backoff.ms = 50
	request.timeout.ms = 30000
	retries = 2147483647
	retry.backoff.ms = 100
	sasl.client.callback.handler.class = null
	sasl.jaas.config = null
	sasl.kerberos.kinit.cmd = /usr/bin/kinit
	sasl.kerberos.min.time.before.relogin = 60000
	sasl.kerberos.service.name = null
	sasl.kerberos.ticket.renew.jitter = 0.05
	sasl.kerberos.ticket.renew.window.factor = 0.8
	sasl.login.callback.handler.class = null
	sasl.login.class = null
	sasl.login.connect.timeout.ms = null
	sasl.login.read.timeout.ms = null
	sasl.login.refresh.buffer.seconds = 300
	sasl.login.refresh.min.period.seconds = 60
	sasl.login.refresh.window.factor = 0.8
	sasl.login.refresh.window.jitter = 0.05
	sasl.login.retry.backoff.max.ms = 10000
	sasl.login.retry.backoff.ms = 100
	sasl.mechanism = GSSAPI
	sasl.oauthbearer.clock.skew.seconds = 30
	sasl.oauthbearer.expected.audience = null
	sasl.oauthbearer.expected.issuer = null
	sasl.oauthbearer.jwks.endpoint.refresh.ms = 3600000
	sasl.oauthbearer.jwks.endpoint.retry.backoff.max.ms = 10000
	sasl.oauthbearer.jwks.endpoint.retry.backoff.ms = 100
	sasl.oauthbearer.jwks.endpoint.url = null
	sasl.oauthbearer.scope.claim.name = scope
	sasl.oauthbearer.sub.claim.name = sub
	sasl.oauthbearer.token.endpoint.url = null
	security.protocol = PLAINTEXT
	security.providers = null
	send.buffer.bytes = 131072
	socket.connection.setup.timeout.max.ms = 30000
	socket.connection.setup.timeout.ms = 10000
	ssl.cipher.suites = null
	ssl.enabled.protocols = [TLSv1.2, TLSv1.3]
	ssl.endpoint.identification.algorithm = https
	ssl.engine.factory.class = null
	ssl.key.password = null
	ssl.keymanager.algorithm = SunX509
	ssl.keystore.certificate.chain = null
	ssl.keystore.key = null
	ssl.keystore.location = null
	ssl.keystore.password = null
	ssl.keystore.type = JKS
	ssl.protocol = TLSv1.3
	ssl.provider = null
	ssl.secure.random.implementation = null
	ssl.trustmanager.algorithm = PKIX
	ssl.truststore.certificates = null
	ssl.truststore.location = null
	ssl.truststore.password = null
	ssl.truststore.type = JKS
	transaction.timeout.ms = 60000
	transactional.id = null
	value.serializer = class org.springframework.kafka.support.serializer.JsonSerializer

2025-06-04T18:28:51.041+02:00  INFO 18760 --- [shared] [           main] o.a.k.clients.producer.KafkaProducer     : [Producer clientId=producer-1] Instantiated an idempotent producer.
2025-06-04T18:28:51.055+02:00  INFO 18760 --- [shared] [           main] o.a.kafka.common.utils.AppInfoParser     : Kafka version: 3.6.1
2025-06-04T18:28:51.055+02:00  INFO 18760 --- [shared] [           main] o.a.kafka.common.utils.AppInfoParser     : Kafka commitId: 5e3c2b738d253ff5
2025-06-04T18:28:51.055+02:00  INFO 18760 --- [shared] [           main] o.a.kafka.common.utils.AppInfoParser     : Kafka startTimeMs: 1749054531055
2025-06-04T18:28:51.426+02:00  WARN 18760 --- [shared] [ad | producer-1] org.apache.kafka.clients.NetworkClient   : [Producer clientId=producer-1] Error while fetching metadata with correlation id 1 : {shipment-delivered=LEADER_NOT_AVAILABLE}
2025-06-04T18:28:51.428+02:00  INFO 18760 --- [shared] [ad | producer-1] org.apache.kafka.clients.Metadata        : [Producer clientId=producer-1] Cluster ID: DIj2ggenQKuGiEcACdAOxQ
2025-06-04T18:28:51.473+02:00  INFO 18760 --- [shared] [ad | producer-1] o.a.k.c.p.internals.TransactionManager   : [Producer clientId=producer-1] ProducerId set to 0 with epoch 0
2025-06-04T18:28:51.533+02:00  WARN 18760 --- [shared] [ad | producer-1] org.apache.kafka.clients.NetworkClient   : [Producer clientId=producer-1] Error while fetching metadata with correlation id 4 : {shipment-delivered=LEADER_NOT_AVAILABLE}
2025-06-04T18:28:51.663+02:00  INFO 18760 --- [shared] [           main] c.l.l.d.service.DeliveryServiceImpl      : Shipment marked as delivered: SHIP-123
Hibernate: 
    select
        se1_0.shipment_id,
        se1_0.created_at,
        se1_0.customer_id,
        se1_0.delivered_at,
        se1_0.destination,
        se1_0.last_location,
        se1_0.last_scanned_at,
        se1_0.origin,
        se1_0.status 
    from
        shipments se1_0 
    where
        se1_0.shipment_id=?
2025-06-04T18:28:51.728+02:00  INFO 18760 --- [shared] [ad | producer-1] c.l.l.d.k.ShipmentDeliveredEventProducer : Kafka send success: topic=shipment-delivered, partition=0, offset=0
2025-06-04T18:28:51.784+02:00  INFO 18760 --- [shared] [           main] org.apache.kafka.clients.Metadata        : [Consumer clientId=consumer-test-consumer-group-5ac0945a-249f-438c-920f-5dcdb21bd60c-1, groupId=test-consumer-group-5ac0945a-249f-438c-920f-5dcdb21bd60c] Cluster ID: DIj2ggenQKuGiEcACdAOxQ
2025-06-04T18:28:51.894+02:00  INFO 18760 --- [shared] [           main] o.a.k.c.c.internals.ConsumerCoordinator  : [Consumer clientId=consumer-test-consumer-group-5ac0945a-249f-438c-920f-5dcdb21bd60c-1, groupId=test-consumer-group-5ac0945a-249f-438c-920f-5dcdb21bd60c] Discovered group coordinator localhost:64574 (id: 2147483646 rack: null)
2025-06-04T18:28:51.895+02:00  INFO 18760 --- [shared] [           main] o.a.k.c.c.internals.ConsumerCoordinator  : [Consumer clientId=consumer-test-consumer-group-5ac0945a-249f-438c-920f-5dcdb21bd60c-1, groupId=test-consumer-group-5ac0945a-249f-438c-920f-5dcdb21bd60c] (Re-)joining group
2025-06-04T18:28:51.926+02:00  INFO 18760 --- [shared] [           main] o.a.k.c.c.internals.ConsumerCoordinator  : [Consumer clientId=consumer-test-consumer-group-5ac0945a-249f-438c-920f-5dcdb21bd60c-1, groupId=test-consumer-group-5ac0945a-249f-438c-920f-5dcdb21bd60c] Request joining group due to: need to re-join with the given member-id: consumer-test-consumer-group-5ac0945a-249f-438c-920f-5dcdb21bd60c-1-654a544c-1501-4f3e-96ec-ca1cce072698
2025-06-04T18:28:51.926+02:00  INFO 18760 --- [shared] [           main] o.a.k.c.c.internals.ConsumerCoordinator  : [Consumer clientId=consumer-test-consumer-group-5ac0945a-249f-438c-920f-5dcdb21bd60c-1, groupId=test-consumer-group-5ac0945a-249f-438c-920f-5dcdb21bd60c] Request joining group due to: rebalance failed due to 'The group member needs to have a valid member id before actually entering a consumer group.' (MemberIdRequiredException)
2025-06-04T18:28:51.927+02:00  INFO 18760 --- [shared] [           main] o.a.k.c.c.internals.ConsumerCoordinator  : [Consumer clientId=consumer-test-consumer-group-5ac0945a-249f-438c-920f-5dcdb21bd60c-1, groupId=test-consumer-group-5ac0945a-249f-438c-920f-5dcdb21bd60c] (Re-)joining group
2025-06-04T18:28:51.947+02:00  INFO 18760 --- [shared] [           main] o.a.k.c.c.internals.ConsumerCoordinator  : [Consumer clientId=consumer-test-consumer-group-5ac0945a-249f-438c-920f-5dcdb21bd60c-1, groupId=test-consumer-group-5ac0945a-249f-438c-920f-5dcdb21bd60c] Successfully joined group with generation Generation{generationId=1, memberId='consumer-test-consumer-group-5ac0945a-249f-438c-920f-5dcdb21bd60c-1-654a544c-1501-4f3e-96ec-ca1cce072698', protocol='range'}
2025-06-04T18:28:51.953+02:00  INFO 18760 --- [shared] [           main] o.a.k.c.c.internals.ConsumerCoordinator  : [Consumer clientId=consumer-test-consumer-group-5ac0945a-249f-438c-920f-5dcdb21bd60c-1, groupId=test-consumer-group-5ac0945a-249f-438c-920f-5dcdb21bd60c] Finished assignment for group at generation 1: {consumer-test-consumer-group-5ac0945a-249f-438c-920f-5dcdb21bd60c-1-654a544c-1501-4f3e-96ec-ca1cce072698=Assignment(partitions=[shipment-delivered-0])}
2025-06-04T18:28:51.973+02:00  INFO 18760 --- [shared] [           main] o.a.k.c.c.internals.ConsumerCoordinator  : [Consumer clientId=consumer-test-consumer-group-5ac0945a-249f-438c-920f-5dcdb21bd60c-1, groupId=test-consumer-group-5ac0945a-249f-438c-920f-5dcdb21bd60c] Successfully synced group in generation Generation{generationId=1, memberId='consumer-test-consumer-group-5ac0945a-249f-438c-920f-5dcdb21bd60c-1-654a544c-1501-4f3e-96ec-ca1cce072698', protocol='range'}
2025-06-04T18:28:51.973+02:00  INFO 18760 --- [shared] [           main] o.a.k.c.c.internals.ConsumerCoordinator  : [Consumer clientId=consumer-test-consumer-group-5ac0945a-249f-438c-920f-5dcdb21bd60c-1, groupId=test-consumer-group-5ac0945a-249f-438c-920f-5dcdb21bd60c] Notifying assignor about the new Assignment(partitions=[shipment-delivered-0])
2025-06-04T18:28:51.976+02:00  INFO 18760 --- [shared] [           main] o.a.k.c.c.internals.ConsumerCoordinator  : [Consumer clientId=consumer-test-consumer-group-5ac0945a-249f-438c-920f-5dcdb21bd60c-1, groupId=test-consumer-group-5ac0945a-249f-438c-920f-5dcdb21bd60c] Adding newly assigned partitions: shipment-delivered-0
2025-06-04T18:28:51.988+02:00  INFO 18760 --- [shared] [           main] o.a.k.c.c.internals.ConsumerCoordinator  : [Consumer clientId=consumer-test-consumer-group-5ac0945a-249f-438c-920f-5dcdb21bd60c-1, groupId=test-consumer-group-5ac0945a-249f-438c-920f-5dcdb21bd60c] Found no committed offset for partition shipment-delivered-0
2025-06-04T18:28:52.000+02:00  INFO 18760 --- [shared] [           main] o.a.k.c.c.internals.SubscriptionState    : [Consumer clientId=consumer-test-consumer-group-5ac0945a-249f-438c-920f-5dcdb21bd60c-1, groupId=test-consumer-group-5ac0945a-249f-438c-920f-5dcdb21bd60c] Resetting offset for partition shipment-delivered-0 to position FetchPosition{offset=0, offsetEpoch=Optional.empty, currentLeader=LeaderAndEpoch{leader=Optional[localhost:64574 (id: 1 rack: null)], epoch=0}}.
2025-06-04T18:28:52.049+02:00  INFO 18760 --- [shared] [           main] o.a.k.c.c.internals.ConsumerCoordinator  : [Consumer clientId=consumer-test-consumer-group-5ac0945a-249f-438c-920f-5dcdb21bd60c-1, groupId=test-consumer-group-5ac0945a-249f-438c-920f-5dcdb21bd60c] Revoke previously assigned partitions shipment-delivered-0
2025-06-04T18:28:52.049+02:00  INFO 18760 --- [shared] [           main] o.a.k.c.c.internals.ConsumerCoordinator  : [Consumer clientId=consumer-test-consumer-group-5ac0945a-249f-438c-920f-5dcdb21bd60c-1, groupId=test-consumer-group-5ac0945a-249f-438c-920f-5dcdb21bd60c] Member consumer-test-consumer-group-5ac0945a-249f-438c-920f-5dcdb21bd60c-1-654a544c-1501-4f3e-96ec-ca1cce072698 sending LeaveGroup request to coordinator localhost:64574 (id: 2147483646 rack: null) due to the consumer is being closed
2025-06-04T18:28:52.050+02:00  INFO 18760 --- [shared] [           main] o.a.k.c.c.internals.ConsumerCoordinator  : [Consumer clientId=consumer-test-consumer-group-5ac0945a-249f-438c-920f-5dcdb21bd60c-1, groupId=test-consumer-group-5ac0945a-249f-438c-920f-5dcdb21bd60c] Resetting generation and member id due to: consumer pro-actively leaving the group
2025-06-04T18:28:52.050+02:00  INFO 18760 --- [shared] [           main] o.a.k.c.c.internals.ConsumerCoordinator  : [Consumer clientId=consumer-test-consumer-group-5ac0945a-249f-438c-920f-5dcdb21bd60c-1, groupId=test-consumer-group-5ac0945a-249f-438c-920f-5dcdb21bd60c] Request joining group due to: consumer pro-actively leaving the group
2025-06-04T18:28:52.558+02:00  INFO 18760 --- [shared] [           main] o.apache.kafka.common.metrics.Metrics    : Metrics scheduler closed
2025-06-04T18:28:52.558+02:00  INFO 18760 --- [shared] [           main] o.apache.kafka.common.metrics.Metrics    : Closing reporter org.apache.kafka.common.metrics.JmxReporter
2025-06-04T18:28:52.558+02:00  INFO 18760 --- [shared] [           main] o.apache.kafka.common.metrics.Metrics    : Metrics reporters closed
2025-06-04T18:28:52.561+02:00  INFO 18760 --- [shared] [           main] o.a.kafka.common.utils.AppInfoParser     : App info kafka.consumer for consumer-test-consumer-group-5ac0945a-249f-438c-920f-5dcdb21bd60c-1 unregistered
Hibernate: 
    select
        se1_0.shipment_id,
        se1_0.created_at,
        se1_0.customer_id,
        se1_0.delivered_at,
        se1_0.destination,
        se1_0.last_location,
        se1_0.last_scanned_at,
        se1_0.origin,
        se1_0.status 
    from
        shipments se1_0
Hibernate: 
    delete 
    from
        shipments 
    where
        shipment_id=?
]]></system-out>
    <system-err><![CDATA[WARNING: A Java agent has been loaded dynamically (C:\Users\Marco Kaul\.m2\repository\net\bytebuddy\byte-buddy-agent\1.14.12\byte-buddy-agent-1.14.12.jar)
WARNING: If a serviceability tool is in use, please run with -XX:+EnableDynamicAgentLoading to hide this warning
WARNING: If a serviceability tool is not in use, please run with -Djdk.instrument.traceUsage for more information
WARNING: Dynamic loading of agents will be disallowed by default in a future release
]]></system-err>
  </testcase>
</testsuite>