<?xml version="1.0" encoding="UTF-8"?>
<testsuite xmlns:xsi="http://www.w3.org/2001/XMLSchema-instance" xsi:noNamespaceSchemaLocation="https://maven.apache.org/surefire/maven-surefire-plugin/xsd/surefire-test-report-3.0.xsd" version="3.0" name="com.luckypets.logistics.e2e.BasicWorkflowE2ETest" time="0.405" tests="4" errors="1" skipped="0" failures="2">
  <properties>
[...]
</properties>
  <testcase name="systemHealthCheck" classname="com.luckypets.logistics.e2e.BasicWorkflowE2ETest" time="0.11">
    <system-out><![CDATA[16:38:33.460 [main] INFO  c.l.l.e2e.utils.ServiceHealthChecker - 🔍 Starte robuste Service-Health-Checks...
16:38:33.460 [main] INFO  c.l.l.e2e.utils.ServiceHealthChecker - ⏳ Warte auf ShipmentService (Port: 8081)...
16:38:33.536 [main] INFO  c.l.l.e2e.utils.ServiceHealthChecker - ✅ ShipmentService ist bereit
16:38:33.536 [main] INFO  c.l.l.e2e.utils.ServiceHealthChecker - ⏳ Warte auf ScanService (Port: 8082)...
16:38:33.552 [main] INFO  c.l.l.e2e.utils.ServiceHealthChecker - ✅ ScanService ist bereit
16:38:33.552 [main] INFO  c.l.l.e2e.utils.ServiceHealthChecker - ⏳ Warte auf NotificationService (Port: 8085)...
16:38:33.575 [main] INFO  c.l.l.e2e.utils.ServiceHealthChecker - ✅ NotificationService ist bereit
16:38:33.576 [main] INFO  c.l.l.e2e.utils.ServiceHealthChecker - ⏳ Warte auf DeliveryService mit intelligenten Fallbacks (Port: 8083)...
16:38:33.589 [main] INFO  c.l.l.e2e.utils.ServiceHealthChecker - ✅ DeliveryService ist bereit (Endpoint: /actuator/health)
16:38:33.590 [main] INFO  c.l.l.e2e.utils.ServiceHealthChecker - ⏳ Warte auf AnalyticsService mit intelligenten Fallbacks (Port: 8084)...
16:38:33.603 [main] INFO  c.l.l.e2e.utils.ServiceHealthChecker - ✅ AnalyticsService ist bereit (Endpoint: /actuator/health)
16:38:33.604 [main] INFO  c.l.l.e2e.utils.ServiceHealthChecker - ✅ Alle Services sind bereit!
16:38:33.605 [main] INFO  c.l.l.e2e.BasicWorkflowE2ETest - 🔍 System Health Check gestartet
16:38:33.607 [main] INFO  c.l.l.e2e.utils.ServiceHealthChecker - 🔍 Starte robuste Service-Health-Checks...
16:38:33.607 [main] INFO  c.l.l.e2e.utils.ServiceHealthChecker - ⏳ Warte auf ShipmentService (Port: 8081)...
16:38:33.629 [main] INFO  c.l.l.e2e.utils.ServiceHealthChecker - ✅ ShipmentService ist bereit
16:38:33.629 [main] INFO  c.l.l.e2e.utils.ServiceHealthChecker - ⏳ Warte auf ScanService (Port: 8082)...
16:38:33.653 [main] INFO  c.l.l.e2e.utils.ServiceHealthChecker - ✅ ScanService ist bereit
16:38:33.653 [main] INFO  c.l.l.e2e.utils.ServiceHealthChecker - ⏳ Warte auf NotificationService (Port: 8085)...
16:38:33.680 [main] INFO  c.l.l.e2e.utils.ServiceHealthChecker - ✅ NotificationService ist bereit
16:38:33.681 [main] INFO  c.l.l.e2e.utils.ServiceHealthChecker - ⏳ Warte auf DeliveryService mit intelligenten Fallbacks (Port: 8083)...
16:38:33.699 [main] INFO  c.l.l.e2e.utils.ServiceHealthChecker - ✅ DeliveryService ist bereit (Endpoint: /actuator/health)
16:38:33.700 [main] INFO  c.l.l.e2e.utils.ServiceHealthChecker - ⏳ Warte auf AnalyticsService mit intelligenten Fallbacks (Port: 8084)...
16:38:33.713 [main] INFO  c.l.l.e2e.utils.ServiceHealthChecker - ✅ AnalyticsService ist bereit (Endpoint: /actuator/health)
16:38:33.713 [main] INFO  c.l.l.e2e.utils.ServiceHealthChecker - ✅ Alle Services sind bereit!
16:38:33.713 [main] INFO  c.l.l.e2e.BasicWorkflowE2ETest - ✅ System Health Check erfolgreich
]]></system-out>
  </testcase>
  <testcase name="completeShipmentWorkflow" classname="com.luckypets.logistics.e2e.BasicWorkflowE2ETest" time="0.043">
    <failure message="1 expectation failed.&#10;JSON path id doesn&apos;t match.&#10;Expected: not null&#10;  Actual: null&#10;" type="java.lang.AssertionError"><![CDATA[java.lang.AssertionError: 
1 expectation failed.
JSON path id doesn't match.
Expected: not null
  Actual: null

	at java.base/jdk.internal.reflect.DirectConstructorHandleAccessor.newInstance(DirectConstructorHandleAccessor.java:62)
	at java.base/java.lang.reflect.Constructor.newInstanceWithCaller(Constructor.java:502)
	at java.base/java.lang.reflect.Constructor.newInstance(Constructor.java:486)
	at org.codehaus.groovy.reflection.CachedConstructor.invoke(CachedConstructor.java:73)
	at org.codehaus.groovy.runtime.callsite.ConstructorSite$ConstructorSiteNoUnwrapNoCoerce.callConstructor(ConstructorSite.java:108)
	at org.codehaus.groovy.runtime.callsite.AbstractCallSite.callConstructor(AbstractCallSite.java:277)
	at io.restassured.internal.ResponseSpecificationImpl$HamcrestAssertionClosure.validate(ResponseSpecificationImpl.groovy:512)
	at io.restassured.internal.ResponseSpecificationImpl$HamcrestAssertionClosure$validate$1.call(Unknown Source)
	at io.restassured.internal.ResponseSpecificationImpl.validateResponseIfRequired(ResponseSpecificationImpl.groovy:696)
	at io.restassured.internal.ResponseSpecificationImpl.this$2$validateResponseIfRequired(ResponseSpecificationImpl.groovy)
	at java.base/jdk.internal.reflect.DirectMethodHandleAccessor.invoke(DirectMethodHandleAccessor.java:103)
	at java.base/java.lang.reflect.Method.invoke(Method.java:580)
	at org.codehaus.groovy.runtime.callsite.PlainObjectMetaMethodSite.doInvoke(PlainObjectMetaMethodSite.java:43)
	at org.codehaus.groovy.runtime.callsite.PogoMetaMethodSite$PogoCachedMethodSiteNoUnwrapNoCoerce.invoke(PogoMetaMethodSite.java:198)
	at org.codehaus.groovy.runtime.callsite.PogoMetaMethodSite.callCurrent(PogoMetaMethodSite.java:62)
	at org.codehaus.groovy.runtime.callsite.AbstractCallSite.callCurrent(AbstractCallSite.java:185)
	at io.restassured.internal.ResponseSpecificationImpl.body(ResponseSpecificationImpl.groovy:270)
	at io.restassured.specification.ResponseSpecification$body$1.callCurrent(Unknown Source)
	at io.restassured.internal.ResponseSpecificationImpl.body(ResponseSpecificationImpl.groovy:117)
	at io.restassured.internal.ValidatableResponseOptionsImpl.body(ValidatableResponseOptionsImpl.java:244)
	at com.luckypets.logistics.e2e.utils.WorkflowTestHelper.createShipment(WorkflowTestHelper.java:33)
	at com.luckypets.logistics.e2e.BasicWorkflowE2ETest.completeShipmentWorkflow(BasicWorkflowE2ETest.java:52)
	at java.base/java.lang.reflect.Method.invoke(Method.java:580)
	at java.base/java.util.ArrayList.forEach(ArrayList.java:1596)
	at java.base/java.util.ArrayList.forEach(ArrayList.java:1596)
]]></failure>
    <system-out><![CDATA[16:38:33.715 [main] INFO  c.l.l.e2e.BasicWorkflowE2ETest - 🚀 Starte vollständigen Sendungsworkflow
16:38:33.715 [main] INFO  c.l.l.e2e.utils.WorkflowTestHelper - 📦 Erstelle Sendung: Berlin → Munich (Customer: e2e-customer-complete)
Request method:	POST
Request URI:	http://localhost:8081/api/v1/shipments
Proxy:			<none>
Request params:	<none>
Query params:	<none>
Form params:	<none>
Path params:	<none>
Headers:		Accept=*/*
				Content-Type=application/json
Cookies:		<none>
Multiparts:		<none>
Body:
{
    "origin": "Berlin",
    "destination": "Munich",
    "customerId": "e2e-customer-complete"
}

HTTP/1.1 201 
Content-Type: application/json
Transfer-Encoding: chunked
Date: Sun, 22 Jun 2025 14:38:33 GMT
Keep-Alive: timeout=60
Connection: keep-alive

{
    "shipmentId": "a37ddfca",
    "origin": "Berlin",
    "destination": "Munich",
    "customerId": "e2e-customer-complete",
    "lastLocation": null,
    "createdAt": "2025-06-22T14:38:33.730391133",
    "lastScannedAt": null,
    "deliveredAt": null,
    "status": "CREATED"
}
]]></system-out>
  </testcase>
  <testcase name="parallelShipmentProcessing" classname="com.luckypets.logistics.e2e.BasicWorkflowE2ETest" time="0.07">
    <error message="java.lang.AssertionError: 1 expectation failed.&#10;JSON path id doesn&apos;t match.&#10;Expected: not null&#10;  Actual: null&#10;" type="java.util.concurrent.CompletionException"><![CDATA[java.util.concurrent.CompletionException: 
java.lang.AssertionError: 1 expectation failed.
JSON path id doesn't match.
Expected: not null
  Actual: null

	at java.base/java.util.concurrent.CompletableFuture.encodeThrowable(CompletableFuture.java:315)
	at java.base/java.util.concurrent.CompletableFuture.completeThrowable(CompletableFuture.java:320)
	at java.base/java.util.concurrent.CompletableFuture$AsyncSupply.run(CompletableFuture.java:1770)
	at java.base/java.util.concurrent.ThreadPoolExecutor.runWorker(ThreadPoolExecutor.java:1144)
	at java.base/java.util.concurrent.ThreadPoolExecutor$Worker.run(ThreadPoolExecutor.java:642)
	at java.base/java.lang.Thread.run(Thread.java:1583)
Caused by: java.lang.AssertionError: 1 expectation failed.
JSON path id doesn't match.
Expected: not null
  Actual: null

	at java.base/jdk.internal.reflect.DirectConstructorHandleAccessor.newInstance(DirectConstructorHandleAccessor.java:62)
	at java.base/java.lang.reflect.Constructor.newInstanceWithCaller(Constructor.java:502)
	at java.base/java.lang.reflect.Constructor.newInstance(Constructor.java:486)
	at org.codehaus.groovy.reflection.CachedConstructor.invoke(CachedConstructor.java:73)
	at org.codehaus.groovy.runtime.callsite.ConstructorSite$ConstructorSiteNoUnwrapNoCoerce.callConstructor(ConstructorSite.java:108)
	at org.codehaus.groovy.runtime.callsite.AbstractCallSite.callConstructor(AbstractCallSite.java:277)
	at io.restassured.internal.ResponseSpecificationImpl$HamcrestAssertionClosure.validate(ResponseSpecificationImpl.groovy:512)
	at io.restassured.internal.ResponseSpecificationImpl$HamcrestAssertionClosure$validate$1.call(Unknown Source)
	at io.restassured.internal.ResponseSpecificationImpl.validateResponseIfRequired(ResponseSpecificationImpl.groovy:696)
	at io.restassured.internal.ResponseSpecificationImpl.this$2$validateResponseIfRequired(ResponseSpecificationImpl.groovy)
	at java.base/jdk.internal.reflect.DirectMethodHandleAccessor.invoke(DirectMethodHandleAccessor.java:103)
	at java.base/java.lang.reflect.Method.invoke(Method.java:580)
	at org.codehaus.groovy.runtime.callsite.PlainObjectMetaMethodSite.doInvoke(PlainObjectMetaMethodSite.java:43)
	at org.codehaus.groovy.runtime.callsite.PogoMetaMethodSite$PogoCachedMethodSiteNoUnwrapNoCoerce.invoke(PogoMetaMethodSite.java:198)
	at org.codehaus.groovy.runtime.callsite.PogoMetaMethodSite.callCurrent(PogoMetaMethodSite.java:62)
	at org.codehaus.groovy.runtime.callsite.AbstractCallSite.callCurrent(AbstractCallSite.java:185)
	at io.restassured.internal.ResponseSpecificationImpl.body(ResponseSpecificationImpl.groovy:270)
	at io.restassured.specification.ResponseSpecification$body$1.callCurrent(Unknown Source)
	at io.restassured.internal.ResponseSpecificationImpl.body(ResponseSpecificationImpl.groovy:117)
	at io.restassured.internal.ValidatableResponseOptionsImpl.body(ValidatableResponseOptionsImpl.java:244)
	at com.luckypets.logistics.e2e.utils.WorkflowTestHelper.createShipment(WorkflowTestHelper.java:33)
	at com.luckypets.logistics.e2e.BasicWorkflowE2ETest.lambda$parallelShipmentProcessing$1(BasicWorkflowE2ETest.java:89)
	at java.base/java.util.concurrent.CompletableFuture$AsyncSupply.run(CompletableFuture.java:1768)
	... 3 more
]]></error>
    <system-out><![CDATA[16:38:33.758 [main] INFO  c.l.l.e2e.BasicWorkflowE2ETest - 🚀 Starte parallele Sendungsverarbeitung
16:38:33.760 [pool-2-thread-1] INFO  c.l.l.e2e.utils.WorkflowTestHelper - 📦 Erstelle Sendung: Berlin → Hamburg (Customer: e2e-customer-parallel-0)
16:38:33.760 [pool-2-thread-4] INFO  c.l.l.e2e.utils.WorkflowTestHelper - 📦 Erstelle Sendung: Berlin → Stuttgart (Customer: e2e-customer-parallel-3)
16:38:33.760 [pool-2-thread-3] INFO  c.l.l.e2e.utils.WorkflowTestHelper - 📦 Erstelle Sendung: Berlin → Cologne (Customer: e2e-customer-parallel-2)
16:38:33.760 [pool-2-thread-5] INFO  c.l.l.e2e.utils.WorkflowTestHelper - 📦 Erstelle Sendung: Berlin → Dresden (Customer: e2e-customer-parallel-4)
16:38:33.760 [pool-2-thread-2] INFO  c.l.l.e2e.utils.WorkflowTestHelper - 📦 Erstelle Sendung: Berlin → Frankfurt (Customer: e2e-customer-parallel-1)
Request method:	POST
Request URI:	http://localhost:8081/api/v1/shipments
Proxy:			<none>
Request params:	<none>
Query params:	<none>
Form params:	<none>
Path params:	<none>
Headers:		Accept=*/*
				Content-Type=application/json
Cookies:		<none>
Multiparts:		<none>
Body:
{
    "origin": "Berlin",
    "destination": "Dresden",
    "customerId": "e2e-customer-parallel-4"
}

HTTP/1.1 201 
Content-Type: application/json
Transfer-Encoding: chunked
Date: Sun, 22 Jun 2025 14:38:33 GMT
Keep-Alive: timeout=60
Connection: keep-alive

{
    "shipmentId": "bf8a7721",
    "origin": "Berlin",
    "destination": "Dresden",
    "customerId": "e2e-customer-parallel-4",
    "lastLocation": null,
    "createdAt": "2025-06-22T14:38:33.777359842",
    "lastScannedAt": null,
    "deliveredAt": null,
    "status": "CREATED"
}
Request method:	POST
Request URI:	http://localhost:8081/api/v1/shipments
Proxy:			<none>
Request params:	<none>
Query params:	<none>
Form params:	<none>
Path params:	<none>
Headers:		Accept=*/*
				Content-Type=application/json
Cookies:		<none>
Multiparts:		<none>
Body:
{
    "origin": "Berlin",
    "destination": "Cologne",
    "customerId": "e2e-customer-parallel-2"
}

HTTP/1.1 201 
Content-Type: application/json
Transfer-Encoding: chunked
Date: Sun, 22 Jun 2025 14:38:33 GMT
Keep-Alive: timeout=60
Connection: keep-alive

{
    "shipmentId": "4d803ac0",
    "origin": "Berlin",
    "destination": "Cologne",
    "customerId": "e2e-customer-parallel-2",
    "lastLocation": null,
    "createdAt": "2025-06-22T14:38:33.778090027",
    "lastScannedAt": null,
    "deliveredAt": null,
    "status": "CREATED"
}
Request method:	POST
Request URI:	http://localhost:8081/api/v1/shipments
Proxy:			<none>
Request params:	<none>
Query params:	<none>
Form params:	<none>
Path params:	<none>
Headers:		Accept=*/*
				Content-Type=application/json
Cookies:		<none>
Multiparts:		<none>
Body:
{
    "origin": "Berlin",
    "destination": "Frankfurt",
    "customerId": "e2e-customer-parallel-1"
}

HTTP/1.1 201 
Content-Type: application/json
Transfer-Encoding: chunked
Date: Sun, 22 Jun 2025 14:38:33 GMT
Keep-Alive: timeout=60
Connection: keep-alive

{
    "shipmentId": "1b502eae",
    "origin": "Berlin",
    "destination": "Frankfurt",
    "customerId": "e2e-customer-parallel-1",
    "lastLocation": null,
    "createdAt": "2025-06-22T14:38:33.782305022",
    "lastScannedAt": null,
    "deliveredAt": null,
    "status": "CREATED"
}
Request method:	POST
Request URI:	http://localhost:8081/api/v1/shipments
Proxy:			<none>
Request params:	<none>
Query params:	<none>
Form params:	<none>
Path params:	<none>
Headers:		Accept=*/*
				Content-Type=application/json
Cookies:		<none>
Multiparts:		<none>
Body:
{
    "origin": "Berlin",
    "destination": "Stuttgart",
    "customerId": "e2e-customer-parallel-3"
}

HTTP/1.1 201 
Content-Type: application/json
Transfer-Encoding: chunked
Date: Sun, 22 Jun 2025 14:38:33 GMT
Keep-Alive: timeout=60
Connection: keep-alive

{
    "shipmentId": "9ad25bfe",
    "origin": "Berlin",
    "destination": "Stuttgart",
    "customerId": "e2e-customer-parallel-3",
    "lastLocation": null,
    "createdAt": "2025-06-22T14:38:33.803849349",
    "lastScannedAt": null,
    "deliveredAt": null,
    "status": "CREATED"
}
Request method:	POST
Request URI:	http://localhost:8081/api/v1/shipments
Proxy:			<none>
Request params:	<none>
Query params:	<none>
Form params:	<none>
Path params:	<none>
Headers:		Accept=*/*
				Content-Type=application/json
Cookies:		<none>
Multiparts:		<none>
Body:
{
    "origin": "Berlin",
    "destination": "Hamburg",
    "customerId": "e2e-customer-parallel-0"
}

HTTP/1.1 201 
Content-Type: application/json
Transfer-Encoding: chunked
Date: Sun, 22 Jun 2025 14:38:33 GMT
Keep-Alive: timeout=60
Connection: keep-alive

{
    "shipmentId": "9fe57084",
    "origin": "Berlin",
    "destination": "Hamburg",
    "customerId": "e2e-customer-parallel-0",
    "lastLocation": null,
    "createdAt": "2025-06-22T14:38:33.808962749",
    "lastScannedAt": null,
    "deliveredAt": null,
    "status": "CREATED"
}
]]></system-out>
  </testcase>
  <testcase name="bulkProcessingForAnalytics" classname="com.luckypets.logistics.e2e.BasicWorkflowE2ETest" time="0.034">
    <failure message="1 expectation failed.&#10;JSON path id doesn&apos;t match.&#10;Expected: not null&#10;  Actual: null&#10;" type="java.lang.AssertionError"><![CDATA[java.lang.AssertionError: 
1 expectation failed.
JSON path id doesn't match.
Expected: not null
  Actual: null

	at java.base/jdk.internal.reflect.DirectConstructorHandleAccessor.newInstance(DirectConstructorHandleAccessor.java:62)
	at java.base/java.lang.reflect.Constructor.newInstanceWithCaller(Constructor.java:502)
	at java.base/java.lang.reflect.Constructor.newInstance(Constructor.java:486)
	at org.codehaus.groovy.reflection.CachedConstructor.invoke(CachedConstructor.java:73)
	at org.codehaus.groovy.runtime.callsite.ConstructorSite$ConstructorSiteNoUnwrapNoCoerce.callConstructor(ConstructorSite.java:108)
	at org.codehaus.groovy.runtime.callsite.AbstractCallSite.callConstructor(AbstractCallSite.java:277)
	at io.restassured.internal.ResponseSpecificationImpl$HamcrestAssertionClosure.validate(ResponseSpecificationImpl.groovy:512)
	at io.restassured.internal.ResponseSpecificationImpl$HamcrestAssertionClosure$validate$1.call(Unknown Source)
	at io.restassured.internal.ResponseSpecificationImpl.validateResponseIfRequired(ResponseSpecificationImpl.groovy:696)
	at io.restassured.internal.ResponseSpecificationImpl.this$2$validateResponseIfRequired(ResponseSpecificationImpl.groovy)
	at java.base/jdk.internal.reflect.DirectMethodHandleAccessor.invoke(DirectMethodHandleAccessor.java:103)
	at java.base/java.lang.reflect.Method.invoke(Method.java:580)
	at org.codehaus.groovy.runtime.callsite.PlainObjectMetaMethodSite.doInvoke(PlainObjectMetaMethodSite.java:43)
	at org.codehaus.groovy.runtime.callsite.PogoMetaMethodSite$PogoCachedMethodSiteNoUnwrapNoCoerce.invoke(PogoMetaMethodSite.java:198)
	at org.codehaus.groovy.runtime.callsite.PogoMetaMethodSite.callCurrent(PogoMetaMethodSite.java:62)
	at org.codehaus.groovy.runtime.callsite.AbstractCallSite.callCurrent(AbstractCallSite.java:185)
	at io.restassured.internal.ResponseSpecificationImpl.body(ResponseSpecificationImpl.groovy:270)
	at io.restassured.specification.ResponseSpecification$body$1.callCurrent(Unknown Source)
	at io.restassured.internal.ResponseSpecificationImpl.body(ResponseSpecificationImpl.groovy:117)
	at io.restassured.internal.ValidatableResponseOptionsImpl.body(ValidatableResponseOptionsImpl.java:244)
	at com.luckypets.logistics.e2e.utils.WorkflowTestHelper.createShipment(WorkflowTestHelper.java:33)
	at com.luckypets.logistics.e2e.BasicWorkflowE2ETest.bulkProcessingForAnalytics(BasicWorkflowE2ETest.java:140)
	at java.base/java.lang.reflect.Method.invoke(Method.java:580)
	at java.base/java.util.ArrayList.forEach(ArrayList.java:1596)
	at java.base/java.util.ArrayList.forEach(ArrayList.java:1596)
]]></failure>
    <system-out><![CDATA[16:38:33.830 [main] INFO  c.l.l.e2e.BasicWorkflowE2ETest - 🚀 Starte Bulk-Verarbeitung für Analytics
16:38:33.830 [main] INFO  c.l.l.e2e.utils.WorkflowTestHelper - 📦 Erstelle Sendung: BulkOrigin → TestCity1 (Customer: e2e-customer-bulk-0)
Request method:	POST
Request URI:	http://localhost:8081/api/v1/shipments
Proxy:			<none>
Request params:	<none>
Query params:	<none>
Form params:	<none>
Path params:	<none>
Headers:		Accept=*/*
				Content-Type=application/json
Cookies:		<none>
Multiparts:		<none>
Body:
{
    "origin": "BulkOrigin",
    "destination": "TestCity1",
    "customerId": "e2e-customer-bulk-0"
}

HTTP/1.1 201 
Content-Type: application/json
Transfer-Encoding: chunked
Date: Sun, 22 Jun 2025 14:38:33 GMT
Keep-Alive: timeout=60
Connection: keep-alive

{
    "shipmentId": "68d3bd30",
    "origin": "BulkOrigin",
    "destination": "TestCity1",
    "customerId": "e2e-customer-bulk-0",
    "lastLocation": null,
    "createdAt": "2025-06-22T14:38:33.845943186",
    "lastScannedAt": null,
    "deliveredAt": null,
    "status": "CREATED"
}
]]></system-out>
  </testcase>
</testsuite>