<?xml version="1.0" encoding="UTF-8"?>
<testsuite xmlns:xsi="http://www.w3.org/2001/XMLSchema-instance" xsi:noNamespaceSchemaLocation="https://maven.apache.org/surefire/maven-surefire-plugin/xsd/surefire-test-report-3.0.xsd" version="3.0" name="com.luckypets.logistics.notificationviewservice.integrationtest.NotificationServiceIntegrationTest" time="11.903" tests="1" errors="0" skipped="0" failures="0">
  <properties>
[...]
</properties>
  <testcase name="shouldPublishShipmentDeliveredEventToKafka" classname="com.luckypets.logistics.notificationviewservice.integrationtest.NotificationServiceIntegrationTest" time="1.664">
    <system-out><![CDATA[21:20:58.708 [main] INFO org.testcontainers.images.PullPolicy -- Image pull policy will be performed by: DefaultPullPolicy()
21:20:58.715 [main] INFO org.testcontainers.utility.ImageNameSubstitutor -- Image name substitution will be performed by: DefaultImageNameSubstitutor (composite of 'ConfigurationFileImageNameSubstitutor' and 'PrefixingImageNameSubstitutor')
21:20:58.843 [main] INFO org.springframework.test.context.support.AnnotationConfigContextLoaderUtils -- Could not detect default configuration classes for test class [com.luckypets.logistics.notificationviewservice.integrationtest.NotificationServiceIntegrationTest]: NotificationServiceIntegrationTest does not declare any static, non-private, non-final, nested classes annotated with @Configuration.
21:20:58.933 [main] INFO org.springframework.boot.test.context.SpringBootTestContextBootstrapper -- Found @SpringBootConfiguration com.luckypets.logistics.notificationviewservice.NotificationViewServiceApplication for test class com.luckypets.logistics.notificationviewservice.integrationtest.NotificationServiceIntegrationTest

  .   ____          _            __ _ _
 /\\ / ___'_ __ _ _(_)_ __  __ _ \ \ \ \
( ( )\___ | '_ | '_| | '_ \/ _` | \ \ \ \
 \\/  ___)| |_)| | | | | || (_| |  ) ) ) )
  '  |____| .__|_| |_|_| |_\__, | / / / /
 =========|_|==============|___/=/_/_/_/
 :: Spring Boot ::                (v3.2.3)

2025-06-10T21:20:59.746+02:00  INFO 29192 --- [shared] [           main] o.t.d.DockerClientProviderStrategy       : Loaded org.testcontainers.dockerclient.NpipeSocketClientProviderStrategy from ~/.testcontainers.properties, will try it first
2025-06-10T21:21:00.003+02:00  INFO 29192 --- [shared] [           main] o.t.d.DockerClientProviderStrategy       : Found Docker environment with local Npipe socket (npipe:////./pipe/docker_engine)
2025-06-10T21:21:00.004+02:00  INFO 29192 --- [shared] [           main] org.testcontainers.DockerClientFactory   : Docker host IP address is localhost
2025-06-10T21:21:00.021+02:00  INFO 29192 --- [shared] [           main] org.testcontainers.DockerClientFactory   : Connected to docker: 
  Server Version: 27.4.0
  API Version: 1.47
  Operating System: Docker Desktop
  Total Memory: 7873 MB
2025-06-10T21:21:00.153+02:00  INFO 29192 --- [shared] [           main] tc.testcontainers/ryuk:0.6.0             : Creating container for image: testcontainers/ryuk:0.6.0
2025-06-10T21:21:00.312+02:00  INFO 29192 --- [shared] [           main] o.t.utility.RegistryAuthLocator          : Credential helper/store (docker-credential-desktop) does not have credentials for https://index.docker.io/v1/
2025-06-10T21:21:00.427+02:00  INFO 29192 --- [shared] [           main] tc.testcontainers/ryuk:0.6.0             : Container testcontainers/ryuk:0.6.0 is starting: 6ccd6ed78da8658cbbd2ebd86fbb9a98c1851a361d599eb956ef3405ab2f22f8
2025-06-10T21:21:00.931+02:00  INFO 29192 --- [shared] [           main] tc.testcontainers/ryuk:0.6.0             : Container testcontainers/ryuk:0.6.0 started in PT0.7773219S
2025-06-10T21:21:00.937+02:00  INFO 29192 --- [shared] [           main] o.t.utility.RyukResourceReaper           : Ryuk started - will monitor and terminate Testcontainers containers on JVM exit
2025-06-10T21:21:00.938+02:00  INFO 29192 --- [shared] [           main] org.testcontainers.DockerClientFactory   : Checking the system...
2025-06-10T21:21:00.938+02:00  INFO 29192 --- [shared] [           main] org.testcontainers.DockerClientFactory   : ✔︎ Docker server version should be at least 1.6.0
2025-06-10T21:21:00.939+02:00  INFO 29192 --- [shared] [           main] tc.confluentinc/cp-kafka:7.4.0           : Creating container for image: confluentinc/cp-kafka:7.4.0
2025-06-10T21:21:01.018+02:00  INFO 29192 --- [shared] [           main] tc.confluentinc/cp-kafka:7.4.0           : Container confluentinc/cp-kafka:7.4.0 is starting: a07cc571695214a9e610268cd0ee9a7855c559a025697caf8f08b59e3d1d0934
2025-06-10T21:21:05.590+02:00  INFO 29192 --- [shared] [           main] tc.confluentinc/cp-kafka:7.4.0           : Container confluentinc/cp-kafka:7.4.0 started in PT4.6513847S
2025-06-10T21:21:05.600+02:00  INFO 29192 --- [shared] [           main] l.n.i.NotificationServiceIntegrationTest : Starting NotificationServiceIntegrationTest using Java 21.0.7 with PID 29192 (started by Marco Kaul in C:\Users\Marco Kaul\LogisticSystem\notificationviewservice)
2025-06-10T21:21:05.601+02:00  INFO 29192 --- [shared] [           main] l.n.i.NotificationServiceIntegrationTest : No active profile set, falling back to 1 default profile: "default"
2025-06-10T21:21:07.077+02:00  INFO 29192 --- [shared] [           main] o.s.b.w.embedded.tomcat.TomcatWebServer  : Tomcat initialized with port 0 (http)
2025-06-10T21:21:07.089+02:00  INFO 29192 --- [shared] [           main] o.apache.catalina.core.StandardService   : Starting service [Tomcat]
2025-06-10T21:21:07.089+02:00  INFO 29192 --- [shared] [           main] o.apache.catalina.core.StandardEngine    : Starting Servlet engine: [Apache Tomcat/10.1.19]
2025-06-10T21:21:07.166+02:00  INFO 29192 --- [shared] [           main] o.a.c.c.C.[Tomcat].[localhost].[/]       : Initializing Spring embedded WebApplicationContext
2025-06-10T21:21:07.166+02:00  INFO 29192 --- [shared] [           main] w.s.c.ServletWebServerApplicationContext : Root WebApplicationContext: initialization completed in 1543 ms
2025-06-10T21:21:08.113+02:00  INFO 29192 --- [shared] [           main] o.s.b.a.e.web.EndpointLinksResolver      : Exposing 3 endpoint(s) beneath base path '/actuator'
2025-06-10T21:21:08.220+02:00  INFO 29192 --- [shared] [           main] o.s.b.w.embedded.tomcat.TomcatWebServer  : Tomcat started on port 64574 (http) with context path ''
2025-06-10T21:21:08.259+02:00  INFO 29192 --- [shared] [           main] o.a.k.clients.consumer.ConsumerConfig    : ConsumerConfig values: 
	allow.auto.create.topics = true
	auto.commit.interval.ms = 5000
	auto.include.jmx.reporter = true
	auto.offset.reset = earliest
	bootstrap.servers = [PLAINTEXT://localhost:64569]
	check.crcs = true
	client.dns.lookup = use_all_dns_ips
	client.id = consumer-notification-service-1
	client.rack = 
	connections.max.idle.ms = 540000
	default.api.timeout.ms = 60000
	enable.auto.commit = false
	exclude.internal.topics = true
	fetch.max.bytes = 52428800
	fetch.max.wait.ms = 500
	fetch.min.bytes = 1
	group.id = notification-service
	group.instance.id = null
	heartbeat.interval.ms = 3000
	interceptor.classes = []
	internal.leave.group.on.close = true
	internal.throw.on.fetch.stable.offset.unsupported = false
	isolation.level = read_uncommitted
	key.deserializer = class org.apache.kafka.common.serialization.StringDeserializer
	max.partition.fetch.bytes = 1048576
	max.poll.interval.ms = 300000
	max.poll.records = 500
	metadata.max.age.ms = 300000
	metric.reporters = []
	metrics.num.samples = 2
	metrics.recording.level = INFO
	metrics.sample.window.ms = 30000
	partition.assignment.strategy = [class org.apache.kafka.clients.consumer.RangeAssignor, class org.apache.kafka.clients.consumer.CooperativeStickyAssignor]
	receive.buffer.bytes = 65536
	reconnect.backoff.max.ms = 1000
	reconnect.backoff.ms = 50
	request.timeout.ms = 30000
	retry.backoff.ms = 100
	sasl.client.callback.handler.class = null
	sasl.jaas.config = null
	sasl.kerberos.kinit.cmd = /usr/bin/kinit
	sasl.kerberos.min.time.before.relogin = 60000
	sasl.kerberos.service.name = null
	sasl.kerberos.ticket.renew.jitter = 0.05
	sasl.kerberos.ticket.renew.window.factor = 0.8
	sasl.login.callback.handler.class = null
	sasl.login.class = null
	sasl.login.connect.timeout.ms = null
	sasl.login.read.timeout.ms = null
	sasl.login.refresh.buffer.seconds = 300
	sasl.login.refresh.min.period.seconds = 60
	sasl.login.refresh.window.factor = 0.8
	sasl.login.refresh.window.jitter = 0.05
	sasl.login.retry.backoff.max.ms = 10000
	sasl.login.retry.backoff.ms = 100
	sasl.mechanism = GSSAPI
	sasl.oauthbearer.clock.skew.seconds = 30
	sasl.oauthbearer.expected.audience = null
	sasl.oauthbearer.expected.issuer = null
	sasl.oauthbearer.jwks.endpoint.refresh.ms = 3600000
	sasl.oauthbearer.jwks.endpoint.retry.backoff.max.ms = 10000
	sasl.oauthbearer.jwks.endpoint.retry.backoff.ms = 100
	sasl.oauthbearer.jwks.endpoint.url = null
	sasl.oauthbearer.scope.claim.name = scope
	sasl.oauthbearer.sub.claim.name = sub
	sasl.oauthbearer.token.endpoint.url = null
	security.protocol = PLAINTEXT
	security.providers = null
	send.buffer.bytes = 131072
	session.timeout.ms = 45000
	socket.connection.setup.timeout.max.ms = 30000
	socket.connection.setup.timeout.ms = 10000
	ssl.cipher.suites = null
	ssl.enabled.protocols = [TLSv1.2, TLSv1.3]
	ssl.endpoint.identification.algorithm = https
	ssl.engine.factory.class = null
	ssl.key.password = null
	ssl.keymanager.algorithm = SunX509
	ssl.keystore.certificate.chain = null
	ssl.keystore.key = null
	ssl.keystore.location = null
	ssl.keystore.password = null
	ssl.keystore.type = JKS
	ssl.protocol = TLSv1.3
	ssl.provider = null
	ssl.secure.random.implementation = null
	ssl.trustmanager.algorithm = PKIX
	ssl.truststore.certificates = null
	ssl.truststore.location = null
	ssl.truststore.password = null
	ssl.truststore.type = JKS
	value.deserializer = class org.springframework.kafka.support.serializer.ErrorHandlingDeserializer

2025-06-10T21:21:08.412+02:00  INFO 29192 --- [shared] [           main] o.a.kafka.common.utils.AppInfoParser     : Kafka version: 3.6.1
2025-06-10T21:21:08.412+02:00  INFO 29192 --- [shared] [           main] o.a.kafka.common.utils.AppInfoParser     : Kafka commitId: 5e3c2b738d253ff5
2025-06-10T21:21:08.412+02:00  INFO 29192 --- [shared] [           main] o.a.kafka.common.utils.AppInfoParser     : Kafka startTimeMs: 1749583268411
2025-06-10T21:21:08.415+02:00  INFO 29192 --- [shared] [           main] fkaConsumerFactory$ExtendedKafkaConsumer : [Consumer clientId=consumer-notification-service-1, groupId=notification-service] Subscribed to topic(s): shipment-scanned
2025-06-10T21:21:08.420+02:00  INFO 29192 --- [shared] [           main] o.a.k.clients.consumer.ConsumerConfig    : ConsumerConfig values: 
	allow.auto.create.topics = true
	auto.commit.interval.ms = 5000
	auto.include.jmx.reporter = true
	auto.offset.reset = earliest
	bootstrap.servers = [PLAINTEXT://localhost:64569]
	check.crcs = true
	client.dns.lookup = use_all_dns_ips
	client.id = consumer-notificationview-service-2
	client.rack = 
	connections.max.idle.ms = 540000
	default.api.timeout.ms = 60000
	enable.auto.commit = false
	exclude.internal.topics = true
	fetch.max.bytes = 52428800
	fetch.max.wait.ms = 500
	fetch.min.bytes = 1
	group.id = notificationview-service
	group.instance.id = null
	heartbeat.interval.ms = 3000
	interceptor.classes = []
	internal.leave.group.on.close = true
	internal.throw.on.fetch.stable.offset.unsupported = false
	isolation.level = read_uncommitted
	key.deserializer = class org.apache.kafka.common.serialization.StringDeserializer
	max.partition.fetch.bytes = 1048576
	max.poll.interval.ms = 300000
	max.poll.records = 500
	metadata.max.age.ms = 300000
	metric.reporters = []
	metrics.num.samples = 2
	metrics.recording.level = INFO
	metrics.sample.window.ms = 30000
	partition.assignment.strategy = [class org.apache.kafka.clients.consumer.RangeAssignor, class org.apache.kafka.clients.consumer.CooperativeStickyAssignor]
	receive.buffer.bytes = 65536
	reconnect.backoff.max.ms = 1000
	reconnect.backoff.ms = 50
	request.timeout.ms = 30000
	retry.backoff.ms = 100
	sasl.client.callback.handler.class = null
	sasl.jaas.config = null
	sasl.kerberos.kinit.cmd = /usr/bin/kinit
	sasl.kerberos.min.time.before.relogin = 60000
	sasl.kerberos.service.name = null
	sasl.kerberos.ticket.renew.jitter = 0.05
	sasl.kerberos.ticket.renew.window.factor = 0.8
	sasl.login.callback.handler.class = null
	sasl.login.class = null
	sasl.login.connect.timeout.ms = null
	sasl.login.read.timeout.ms = null
	sasl.login.refresh.buffer.seconds = 300
	sasl.login.refresh.min.period.seconds = 60
	sasl.login.refresh.window.factor = 0.8
	sasl.login.refresh.window.jitter = 0.05
	sasl.login.retry.backoff.max.ms = 10000
	sasl.login.retry.backoff.ms = 100
	sasl.mechanism = GSSAPI
	sasl.oauthbearer.clock.skew.seconds = 30
	sasl.oauthbearer.expected.audience = null
	sasl.oauthbearer.expected.issuer = null
	sasl.oauthbearer.jwks.endpoint.refresh.ms = 3600000
	sasl.oauthbearer.jwks.endpoint.retry.backoff.max.ms = 10000
	sasl.oauthbearer.jwks.endpoint.retry.backoff.ms = 100
	sasl.oauthbearer.jwks.endpoint.url = null
	sasl.oauthbearer.scope.claim.name = scope
	sasl.oauthbearer.sub.claim.name = sub
	sasl.oauthbearer.token.endpoint.url = null
	security.protocol = PLAINTEXT
	security.providers = null
	send.buffer.bytes = 131072
	session.timeout.ms = 45000
	socket.connection.setup.timeout.max.ms = 30000
	socket.connection.setup.timeout.ms = 10000
	ssl.cipher.suites = null
	ssl.enabled.protocols = [TLSv1.2, TLSv1.3]
	ssl.endpoint.identification.algorithm = https
	ssl.engine.factory.class = null
	ssl.key.password = null
	ssl.keymanager.algorithm = SunX509
	ssl.keystore.certificate.chain = null
	ssl.keystore.key = null
	ssl.keystore.location = null
	ssl.keystore.password = null
	ssl.keystore.type = JKS
	ssl.protocol = TLSv1.3
	ssl.provider = null
	ssl.secure.random.implementation = null
	ssl.trustmanager.algorithm = PKIX
	ssl.truststore.certificates = null
	ssl.truststore.location = null
	ssl.truststore.password = null
	ssl.truststore.type = JKS
	value.deserializer = class org.springframework.kafka.support.serializer.ErrorHandlingDeserializer

2025-06-10T21:21:08.427+02:00  INFO 29192 --- [shared] [           main] o.a.kafka.common.utils.AppInfoParser     : Kafka version: 3.6.1
2025-06-10T21:21:08.427+02:00  INFO 29192 --- [shared] [           main] o.a.kafka.common.utils.AppInfoParser     : Kafka commitId: 5e3c2b738d253ff5
2025-06-10T21:21:08.427+02:00  INFO 29192 --- [shared] [           main] o.a.kafka.common.utils.AppInfoParser     : Kafka startTimeMs: 1749583268427
2025-06-10T21:21:08.428+02:00  INFO 29192 --- [shared] [           main] fkaConsumerFactory$ExtendedKafkaConsumer : [Consumer clientId=consumer-notificationview-service-2, groupId=notificationview-service] Subscribed to topic(s): shipment-created
2025-06-10T21:21:08.429+02:00  INFO 29192 --- [shared] [           main] o.a.k.clients.consumer.ConsumerConfig    : ConsumerConfig values: 
	allow.auto.create.topics = true
	auto.commit.interval.ms = 5000
	auto.include.jmx.reporter = true
	auto.offset.reset = earliest
	bootstrap.servers = [PLAINTEXT://localhost:64569]
	check.crcs = true
	client.dns.lookup = use_all_dns_ips
	client.id = consumer-notification-service-3
	client.rack = 
	connections.max.idle.ms = 540000
	default.api.timeout.ms = 60000
	enable.auto.commit = false
	exclude.internal.topics = true
	fetch.max.bytes = 52428800
	fetch.max.wait.ms = 500
	fetch.min.bytes = 1
	group.id = notification-service
	group.instance.id = null
	heartbeat.interval.ms = 3000
	interceptor.classes = []
	internal.leave.group.on.close = true
	internal.throw.on.fetch.stable.offset.unsupported = false
	isolation.level = read_uncommitted
	key.deserializer = class org.apache.kafka.common.serialization.StringDeserializer
	max.partition.fetch.bytes = 1048576
	max.poll.interval.ms = 300000
	max.poll.records = 500
	metadata.max.age.ms = 300000
	metric.reporters = []
	metrics.num.samples = 2
	metrics.recording.level = INFO
	metrics.sample.window.ms = 30000
	partition.assignment.strategy = [class org.apache.kafka.clients.consumer.RangeAssignor, class org.apache.kafka.clients.consumer.CooperativeStickyAssignor]
	receive.buffer.bytes = 65536
	reconnect.backoff.max.ms = 1000
	reconnect.backoff.ms = 50
	request.timeout.ms = 30000
	retry.backoff.ms = 100
	sasl.client.callback.handler.class = null
	sasl.jaas.config = null
	sasl.kerberos.kinit.cmd = /usr/bin/kinit
	sasl.kerberos.min.time.before.relogin = 60000
	sasl.kerberos.service.name = null
	sasl.kerberos.ticket.renew.jitter = 0.05
	sasl.kerberos.ticket.renew.window.factor = 0.8
	sasl.login.callback.handler.class = null
	sasl.login.class = null
	sasl.login.connect.timeout.ms = null
	sasl.login.read.timeout.ms = null
	sasl.login.refresh.buffer.seconds = 300
	sasl.login.refresh.min.period.seconds = 60
	sasl.login.refresh.window.factor = 0.8
	sasl.login.refresh.window.jitter = 0.05
	sasl.login.retry.backoff.max.ms = 10000
	sasl.login.retry.backoff.ms = 100
	sasl.mechanism = GSSAPI
	sasl.oauthbearer.clock.skew.seconds = 30
	sasl.oauthbearer.expected.audience = null
	sasl.oauthbearer.expected.issuer = null
	sasl.oauthbearer.jwks.endpoint.refresh.ms = 3600000
	sasl.oauthbearer.jwks.endpoint.retry.backoff.max.ms = 10000
	sasl.oauthbearer.jwks.endpoint.retry.backoff.ms = 100
	sasl.oauthbearer.jwks.endpoint.url = null
	sasl.oauthbearer.scope.claim.name = scope
	sasl.oauthbearer.sub.claim.name = sub
	sasl.oauthbearer.token.endpoint.url = null
	security.protocol = PLAINTEXT
	security.providers = null
	send.buffer.bytes = 131072
	session.timeout.ms = 45000
	socket.connection.setup.timeout.max.ms = 30000
	socket.connection.setup.timeout.ms = 10000
	ssl.cipher.suites = null
	ssl.enabled.protocols = [TLSv1.2, TLSv1.3]
	ssl.endpoint.identification.algorithm = https
	ssl.engine.factory.class = null
	ssl.key.password = null
	ssl.keymanager.algorithm = SunX509
	ssl.keystore.certificate.chain = null
	ssl.keystore.key = null
	ssl.keystore.location = null
	ssl.keystore.password = null
	ssl.keystore.type = JKS
	ssl.protocol = TLSv1.3
	ssl.provider = null
	ssl.secure.random.implementation = null
	ssl.trustmanager.algorithm = PKIX
	ssl.truststore.certificates = null
	ssl.truststore.location = null
	ssl.truststore.password = null
	ssl.truststore.type = JKS
	value.deserializer = class org.springframework.kafka.support.serializer.ErrorHandlingDeserializer

2025-06-10T21:21:08.436+02:00  INFO 29192 --- [shared] [           main] o.a.kafka.common.utils.AppInfoParser     : Kafka version: 3.6.1
2025-06-10T21:21:08.436+02:00  INFO 29192 --- [shared] [           main] o.a.kafka.common.utils.AppInfoParser     : Kafka commitId: 5e3c2b738d253ff5
2025-06-10T21:21:08.436+02:00  INFO 29192 --- [shared] [           main] o.a.kafka.common.utils.AppInfoParser     : Kafka startTimeMs: 1749583268436
2025-06-10T21:21:08.436+02:00  INFO 29192 --- [shared] [           main] fkaConsumerFactory$ExtendedKafkaConsumer : [Consumer clientId=consumer-notification-service-3, groupId=notification-service] Subscribed to topic(s): shipment-delivered
2025-06-10T21:21:08.450+02:00  INFO 29192 --- [shared] [           main] l.n.i.NotificationServiceIntegrationTest : Started NotificationServiceIntegrationTest in 9.384 seconds (process running for 10.397)
2025-06-10T21:21:08.872+02:00  WARN 29192 --- [shared] [ntainer#0-0-C-1] org.apache.kafka.clients.NetworkClient   : [Consumer clientId=consumer-notificationview-service-2, groupId=notificationview-service] Error while fetching metadata with correlation id 2 : {shipment-created=LEADER_NOT_AVAILABLE}
2025-06-10T21:21:08.872+02:00  WARN 29192 --- [shared] [ntainer#1-0-C-1] org.apache.kafka.clients.NetworkClient   : [Consumer clientId=consumer-notification-service-3, groupId=notification-service] Error while fetching metadata with correlation id 2 : {shipment-delivered=LEADER_NOT_AVAILABLE}
2025-06-10T21:21:08.873+02:00  WARN 29192 --- [shared] [ntainer#2-0-C-1] org.apache.kafka.clients.NetworkClient   : [Consumer clientId=consumer-notification-service-1, groupId=notification-service] Error while fetching metadata with correlation id 2 : {shipment-scanned=LEADER_NOT_AVAILABLE}
2025-06-10T21:21:08.876+02:00  INFO 29192 --- [shared] [ntainer#1-0-C-1] org.apache.kafka.clients.Metadata        : [Consumer clientId=consumer-notification-service-3, groupId=notification-service] Cluster ID: Sypt3anzSguq94asfEAGjg
2025-06-10T21:21:08.876+02:00  INFO 29192 --- [shared] [ntainer#2-0-C-1] org.apache.kafka.clients.Metadata        : [Consumer clientId=consumer-notification-service-1, groupId=notification-service] Cluster ID: Sypt3anzSguq94asfEAGjg
2025-06-10T21:21:08.876+02:00  INFO 29192 --- [shared] [ntainer#0-0-C-1] org.apache.kafka.clients.Metadata        : [Consumer clientId=consumer-notificationview-service-2, groupId=notificationview-service] Cluster ID: Sypt3anzSguq94asfEAGjg
2025-06-10T21:21:08.993+02:00  WARN 29192 --- [shared] [ntainer#0-0-C-1] org.apache.kafka.clients.NetworkClient   : [Consumer clientId=consumer-notificationview-service-2, groupId=notificationview-service] Error while fetching metadata with correlation id 4 : {shipment-created=LEADER_NOT_AVAILABLE}
2025-06-10T21:21:08.993+02:00  WARN 29192 --- [shared] [ntainer#2-0-C-1] org.apache.kafka.clients.NetworkClient   : [Consumer clientId=consumer-notification-service-1, groupId=notification-service] Error while fetching metadata with correlation id 4 : {shipment-scanned=LEADER_NOT_AVAILABLE}
2025-06-10T21:21:08.993+02:00  WARN 29192 --- [shared] [ntainer#1-0-C-1] org.apache.kafka.clients.NetworkClient   : [Consumer clientId=consumer-notification-service-3, groupId=notification-service] Error while fetching metadata with correlation id 4 : {shipment-delivered=LEADER_NOT_AVAILABLE}
2025-06-10T21:21:09.119+02:00  INFO 29192 --- [shared] [ntainer#1-0-C-1] o.a.k.c.c.internals.ConsumerCoordinator  : [Consumer clientId=consumer-notification-service-3, groupId=notification-service] Discovered group coordinator localhost:64569 (id: 2147483646 rack: null)
2025-06-10T21:21:09.119+02:00  INFO 29192 --- [shared] [ntainer#2-0-C-1] o.a.k.c.c.internals.ConsumerCoordinator  : [Consumer clientId=consumer-notification-service-1, groupId=notification-service] Discovered group coordinator localhost:64569 (id: 2147483646 rack: null)
2025-06-10T21:21:09.119+02:00  INFO 29192 --- [shared] [ntainer#0-0-C-1] o.a.k.c.c.internals.ConsumerCoordinator  : [Consumer clientId=consumer-notificationview-service-2, groupId=notificationview-service] Discovered group coordinator localhost:64569 (id: 2147483646 rack: null)
2025-06-10T21:21:09.122+02:00  INFO 29192 --- [shared] [ntainer#1-0-C-1] o.a.k.c.c.internals.ConsumerCoordinator  : [Consumer clientId=consumer-notification-service-3, groupId=notification-service] (Re-)joining group
2025-06-10T21:21:09.122+02:00  INFO 29192 --- [shared] [ntainer#0-0-C-1] o.a.k.c.c.internals.ConsumerCoordinator  : [Consumer clientId=consumer-notificationview-service-2, groupId=notificationview-service] (Re-)joining group
2025-06-10T21:21:09.122+02:00  INFO 29192 --- [shared] [ntainer#2-0-C-1] o.a.k.c.c.internals.ConsumerCoordinator  : [Consumer clientId=consumer-notification-service-1, groupId=notification-service] (Re-)joining group
2025-06-10T21:21:09.161+02:00  INFO 29192 --- [shared] [ntainer#0-0-C-1] o.a.k.c.c.internals.ConsumerCoordinator  : [Consumer clientId=consumer-notificationview-service-2, groupId=notificationview-service] Request joining group due to: need to re-join with the given member-id: consumer-notificationview-service-2-b5dcad6b-41d5-487a-a142-e09c01feda2f
2025-06-10T21:21:09.161+02:00  INFO 29192 --- [shared] [ntainer#1-0-C-1] o.a.k.c.c.internals.ConsumerCoordinator  : [Consumer clientId=consumer-notification-service-3, groupId=notification-service] Request joining group due to: need to re-join with the given member-id: consumer-notification-service-3-002231bf-e9d9-43c4-ae0e-359844c5ea46
2025-06-10T21:21:09.161+02:00  INFO 29192 --- [shared] [ntainer#2-0-C-1] o.a.k.c.c.internals.ConsumerCoordinator  : [Consumer clientId=consumer-notification-service-1, groupId=notification-service] Request joining group due to: need to re-join with the given member-id: consumer-notification-service-1-845eed7c-210f-49c4-8278-02a364010af6
2025-06-10T21:21:09.161+02:00  INFO 29192 --- [shared] [ntainer#0-0-C-1] o.a.k.c.c.internals.ConsumerCoordinator  : [Consumer clientId=consumer-notificationview-service-2, groupId=notificationview-service] Request joining group due to: rebalance failed due to 'The group member needs to have a valid member id before actually entering a consumer group.' (MemberIdRequiredException)
2025-06-10T21:21:09.161+02:00  INFO 29192 --- [shared] [ntainer#1-0-C-1] o.a.k.c.c.internals.ConsumerCoordinator  : [Consumer clientId=consumer-notification-service-3, groupId=notification-service] Request joining group due to: rebalance failed due to 'The group member needs to have a valid member id before actually entering a consumer group.' (MemberIdRequiredException)
2025-06-10T21:21:09.162+02:00  INFO 29192 --- [shared] [ntainer#2-0-C-1] o.a.k.c.c.internals.ConsumerCoordinator  : [Consumer clientId=consumer-notification-service-1, groupId=notification-service] Request joining group due to: rebalance failed due to 'The group member needs to have a valid member id before actually entering a consumer group.' (MemberIdRequiredException)
2025-06-10T21:21:09.162+02:00  INFO 29192 --- [shared] [ntainer#0-0-C-1] o.a.k.c.c.internals.ConsumerCoordinator  : [Consumer clientId=consumer-notificationview-service-2, groupId=notificationview-service] (Re-)joining group
2025-06-10T21:21:09.162+02:00  INFO 29192 --- [shared] [ntainer#1-0-C-1] o.a.k.c.c.internals.ConsumerCoordinator  : [Consumer clientId=consumer-notification-service-3, groupId=notification-service] (Re-)joining group
2025-06-10T21:21:09.162+02:00  INFO 29192 --- [shared] [ntainer#2-0-C-1] o.a.k.c.c.internals.ConsumerCoordinator  : [Consumer clientId=consumer-notification-service-1, groupId=notification-service] (Re-)joining group
2025-06-10T21:21:09.188+02:00  INFO 29192 --- [shared] [ntainer#0-0-C-1] o.a.k.c.c.internals.ConsumerCoordinator  : [Consumer clientId=consumer-notificationview-service-2, groupId=notificationview-service] Successfully joined group with generation Generation{generationId=1, memberId='consumer-notificationview-service-2-b5dcad6b-41d5-487a-a142-e09c01feda2f', protocol='range'}
2025-06-10T21:21:09.192+02:00  INFO 29192 --- [shared] [ntainer#1-0-C-1] o.a.k.c.c.internals.ConsumerCoordinator  : [Consumer clientId=consumer-notification-service-3, groupId=notification-service] Successfully joined group with generation Generation{generationId=1, memberId='consumer-notification-service-3-002231bf-e9d9-43c4-ae0e-359844c5ea46', protocol='range'}
2025-06-10T21:21:09.193+02:00  INFO 29192 --- [shared] [ntainer#2-0-C-1] o.a.k.c.c.internals.ConsumerCoordinator  : [Consumer clientId=consumer-notification-service-1, groupId=notification-service] Successfully joined group with generation Generation{generationId=1, memberId='consumer-notification-service-1-845eed7c-210f-49c4-8278-02a364010af6', protocol='range'}
2025-06-10T21:21:09.197+02:00  INFO 29192 --- [shared] [ntainer#2-0-C-1] o.a.k.c.c.internals.ConsumerCoordinator  : [Consumer clientId=consumer-notification-service-1, groupId=notification-service] Finished assignment for group at generation 1: {consumer-notification-service-3-002231bf-e9d9-43c4-ae0e-359844c5ea46=Assignment(partitions=[shipment-delivered-0]), consumer-notification-service-1-845eed7c-210f-49c4-8278-02a364010af6=Assignment(partitions=[shipment-scanned-0])}
2025-06-10T21:21:09.197+02:00  INFO 29192 --- [shared] [ntainer#0-0-C-1] o.a.k.c.c.internals.ConsumerCoordinator  : [Consumer clientId=consumer-notificationview-service-2, groupId=notificationview-service] Finished assignment for group at generation 1: {consumer-notificationview-service-2-b5dcad6b-41d5-487a-a142-e09c01feda2f=Assignment(partitions=[shipment-created-0])}
2025-06-10T21:21:09.257+02:00  INFO 29192 --- [shared] [ntainer#0-0-C-1] o.a.k.c.c.internals.ConsumerCoordinator  : [Consumer clientId=consumer-notificationview-service-2, groupId=notificationview-service] Successfully synced group in generation Generation{generationId=1, memberId='consumer-notificationview-service-2-b5dcad6b-41d5-487a-a142-e09c01feda2f', protocol='range'}
2025-06-10T21:21:09.257+02:00  INFO 29192 --- [shared] [ntainer#1-0-C-1] o.a.k.c.c.internals.ConsumerCoordinator  : [Consumer clientId=consumer-notification-service-3, groupId=notification-service] Successfully synced group in generation Generation{generationId=1, memberId='consumer-notification-service-3-002231bf-e9d9-43c4-ae0e-359844c5ea46', protocol='range'}
2025-06-10T21:21:09.258+02:00  INFO 29192 --- [shared] [ntainer#1-0-C-1] o.a.k.c.c.internals.ConsumerCoordinator  : [Consumer clientId=consumer-notification-service-3, groupId=notification-service] Notifying assignor about the new Assignment(partitions=[shipment-delivered-0])
2025-06-10T21:21:09.258+02:00  INFO 29192 --- [shared] [ntainer#0-0-C-1] o.a.k.c.c.internals.ConsumerCoordinator  : [Consumer clientId=consumer-notificationview-service-2, groupId=notificationview-service] Notifying assignor about the new Assignment(partitions=[shipment-created-0])
2025-06-10T21:21:09.259+02:00  INFO 29192 --- [shared] [ntainer#2-0-C-1] o.a.k.c.c.internals.ConsumerCoordinator  : [Consumer clientId=consumer-notification-service-1, groupId=notification-service] Successfully synced group in generation Generation{generationId=1, memberId='consumer-notification-service-1-845eed7c-210f-49c4-8278-02a364010af6', protocol='range'}
2025-06-10T21:21:09.259+02:00  INFO 29192 --- [shared] [ntainer#2-0-C-1] o.a.k.c.c.internals.ConsumerCoordinator  : [Consumer clientId=consumer-notification-service-1, groupId=notification-service] Notifying assignor about the new Assignment(partitions=[shipment-scanned-0])
2025-06-10T21:21:09.261+02:00  INFO 29192 --- [shared] [ntainer#1-0-C-1] o.a.k.c.c.internals.ConsumerCoordinator  : [Consumer clientId=consumer-notification-service-3, groupId=notification-service] Adding newly assigned partitions: shipment-delivered-0
2025-06-10T21:21:09.261+02:00  INFO 29192 --- [shared] [ntainer#2-0-C-1] o.a.k.c.c.internals.ConsumerCoordinator  : [Consumer clientId=consumer-notification-service-1, groupId=notification-service] Adding newly assigned partitions: shipment-scanned-0
2025-06-10T21:21:09.261+02:00  INFO 29192 --- [shared] [ntainer#0-0-C-1] o.a.k.c.c.internals.ConsumerCoordinator  : [Consumer clientId=consumer-notificationview-service-2, groupId=notificationview-service] Adding newly assigned partitions: shipment-created-0
2025-06-10T21:21:09.278+02:00  INFO 29192 --- [shared] [ntainer#1-0-C-1] o.a.k.c.c.internals.ConsumerCoordinator  : [Consumer clientId=consumer-notification-service-3, groupId=notification-service] Found no committed offset for partition shipment-delivered-0
2025-06-10T21:21:09.278+02:00  INFO 29192 --- [shared] [ntainer#0-0-C-1] o.a.k.c.c.internals.ConsumerCoordinator  : [Consumer clientId=consumer-notificationview-service-2, groupId=notificationview-service] Found no committed offset for partition shipment-created-0
2025-06-10T21:21:09.278+02:00  INFO 29192 --- [shared] [ntainer#2-0-C-1] o.a.k.c.c.internals.ConsumerCoordinator  : [Consumer clientId=consumer-notification-service-1, groupId=notification-service] Found no committed offset for partition shipment-scanned-0
2025-06-10T21:21:09.302+02:00  INFO 29192 --- [shared] [ntainer#0-0-C-1] o.a.k.c.c.internals.SubscriptionState    : [Consumer clientId=consumer-notificationview-service-2, groupId=notificationview-service] Resetting offset for partition shipment-created-0 to position FetchPosition{offset=0, offsetEpoch=Optional.empty, currentLeader=LeaderAndEpoch{leader=Optional[localhost:64569 (id: 1 rack: null)], epoch=0}}.
2025-06-10T21:21:09.302+02:00  INFO 29192 --- [shared] [ntainer#1-0-C-1] o.a.k.c.c.internals.SubscriptionState    : [Consumer clientId=consumer-notification-service-3, groupId=notification-service] Resetting offset for partition shipment-delivered-0 to position FetchPosition{offset=0, offsetEpoch=Optional.empty, currentLeader=LeaderAndEpoch{leader=Optional[localhost:64569 (id: 1 rack: null)], epoch=0}}.
2025-06-10T21:21:09.302+02:00  INFO 29192 --- [shared] [ntainer#2-0-C-1] o.a.k.c.c.internals.SubscriptionState    : [Consumer clientId=consumer-notification-service-1, groupId=notification-service] Resetting offset for partition shipment-scanned-0 to position FetchPosition{offset=0, offsetEpoch=Optional.empty, currentLeader=LeaderAndEpoch{leader=Optional[localhost:64569 (id: 1 rack: null)], epoch=0}}.
2025-06-10T21:21:09.303+02:00  INFO 29192 --- [shared] [ntainer#0-0-C-1] o.s.k.l.KafkaMessageListenerContainer    : notificationview-service: partitions assigned: [shipment-created-0]
2025-06-10T21:21:09.303+02:00  INFO 29192 --- [shared] [ntainer#2-0-C-1] o.s.k.l.KafkaMessageListenerContainer    : notification-service: partitions assigned: [shipment-scanned-0]
2025-06-10T21:21:09.303+02:00  INFO 29192 --- [shared] [ntainer#1-0-C-1] o.s.k.l.KafkaMessageListenerContainer    : notification-service: partitions assigned: [shipment-delivered-0]
2025-06-10T21:21:09.417+02:00  INFO 29192 --- [shared] [           main] o.a.k.clients.consumer.ConsumerConfig    : ConsumerConfig values: 
	allow.auto.create.topics = true
	auto.commit.interval.ms = 5000
	auto.include.jmx.reporter = true
	auto.offset.reset = earliest
	bootstrap.servers = [PLAINTEXT://localhost:64569]
	check.crcs = true
	client.dns.lookup = use_all_dns_ips
	client.id = consumer-test-consumer-group-b366ffc8-2d07-486b-9fa9-0fd547234638-4
	client.rack = 
	connections.max.idle.ms = 540000
	default.api.timeout.ms = 60000
	enable.auto.commit = false
	exclude.internal.topics = true
	fetch.max.bytes = 52428800
	fetch.max.wait.ms = 500
	fetch.min.bytes = 1
	group.id = test-consumer-group-b366ffc8-2d07-486b-9fa9-0fd547234638
	group.instance.id = null
	heartbeat.interval.ms = 3000
	interceptor.classes = []
	internal.leave.group.on.close = true
	internal.throw.on.fetch.stable.offset.unsupported = false
	isolation.level = read_uncommitted
	key.deserializer = class org.apache.kafka.common.serialization.StringDeserializer
	max.partition.fetch.bytes = 1048576
	max.poll.interval.ms = 300000
	max.poll.records = 500
	metadata.max.age.ms = 300000
	metric.reporters = []
	metrics.num.samples = 2
	metrics.recording.level = INFO
	metrics.sample.window.ms = 30000
	partition.assignment.strategy = [class org.apache.kafka.clients.consumer.RangeAssignor, class org.apache.kafka.clients.consumer.CooperativeStickyAssignor]
	receive.buffer.bytes = 65536
	reconnect.backoff.max.ms = 1000
	reconnect.backoff.ms = 50
	request.timeout.ms = 30000
	retry.backoff.ms = 100
	sasl.client.callback.handler.class = null
	sasl.jaas.config = null
	sasl.kerberos.kinit.cmd = /usr/bin/kinit
	sasl.kerberos.min.time.before.relogin = 60000
	sasl.kerberos.service.name = null
	sasl.kerberos.ticket.renew.jitter = 0.05
	sasl.kerberos.ticket.renew.window.factor = 0.8
	sasl.login.callback.handler.class = null
	sasl.login.class = null
	sasl.login.connect.timeout.ms = null
	sasl.login.read.timeout.ms = null
	sasl.login.refresh.buffer.seconds = 300
	sasl.login.refresh.min.period.seconds = 60
	sasl.login.refresh.window.factor = 0.8
	sasl.login.refresh.window.jitter = 0.05
	sasl.login.retry.backoff.max.ms = 10000
	sasl.login.retry.backoff.ms = 100
	sasl.mechanism = GSSAPI
	sasl.oauthbearer.clock.skew.seconds = 30
	sasl.oauthbearer.expected.audience = null
	sasl.oauthbearer.expected.issuer = null
	sasl.oauthbearer.jwks.endpoint.refresh.ms = 3600000
	sasl.oauthbearer.jwks.endpoint.retry.backoff.max.ms = 10000
	sasl.oauthbearer.jwks.endpoint.retry.backoff.ms = 100
	sasl.oauthbearer.jwks.endpoint.url = null
	sasl.oauthbearer.scope.claim.name = scope
	sasl.oauthbearer.sub.claim.name = sub
	sasl.oauthbearer.token.endpoint.url = null
	security.protocol = PLAINTEXT
	security.providers = null
	send.buffer.bytes = 131072
	session.timeout.ms = 45000
	socket.connection.setup.timeout.max.ms = 30000
	socket.connection.setup.timeout.ms = 10000
	ssl.cipher.suites = null
	ssl.enabled.protocols = [TLSv1.2, TLSv1.3]
	ssl.endpoint.identification.algorithm = https
	ssl.engine.factory.class = null
	ssl.key.password = null
	ssl.keymanager.algorithm = SunX509
	ssl.keystore.certificate.chain = null
	ssl.keystore.key = null
	ssl.keystore.location = null
	ssl.keystore.password = null
	ssl.keystore.type = JKS
	ssl.protocol = TLSv1.3
	ssl.provider = null
	ssl.secure.random.implementation = null
	ssl.trustmanager.algorithm = PKIX
	ssl.truststore.certificates = null
	ssl.truststore.location = null
	ssl.truststore.password = null
	ssl.truststore.type = JKS
	value.deserializer = class org.springframework.kafka.support.serializer.JsonDeserializer

2025-06-10T21:21:09.459+02:00  INFO 29192 --- [shared] [           main] o.a.kafka.common.utils.AppInfoParser     : Kafka version: 3.6.1
2025-06-10T21:21:09.460+02:00  INFO 29192 --- [shared] [           main] o.a.kafka.common.utils.AppInfoParser     : Kafka commitId: 5e3c2b738d253ff5
2025-06-10T21:21:09.460+02:00  INFO 29192 --- [shared] [           main] o.a.kafka.common.utils.AppInfoParser     : Kafka startTimeMs: 1749583269459
2025-06-10T21:21:09.460+02:00  INFO 29192 --- [shared] [           main] o.a.k.clients.consumer.KafkaConsumer     : [Consumer clientId=consumer-test-consumer-group-b366ffc8-2d07-486b-9fa9-0fd547234638-4, groupId=test-consumer-group-b366ffc8-2d07-486b-9fa9-0fd547234638] Subscribed to topic(s): shipment-delivered
2025-06-10T21:21:09.470+02:00  INFO 29192 --- [shared] [           main] o.a.k.clients.producer.ProducerConfig    : ProducerConfig values: 
	acks = -1
	auto.include.jmx.reporter = true
	batch.size = 16384
	bootstrap.servers = [PLAINTEXT://localhost:64569]
	buffer.memory = 33554432
	client.dns.lookup = use_all_dns_ips
	client.id = producer-1
	compression.type = none
	connections.max.idle.ms = 540000
	delivery.timeout.ms = 120000
	enable.idempotence = true
	interceptor.classes = []
	key.serializer = class org.apache.kafka.common.serialization.StringSerializer
	linger.ms = 0
	max.block.ms = 60000
	max.in.flight.requests.per.connection = 5
	max.request.size = 1048576
	metadata.max.age.ms = 300000
	metadata.max.idle.ms = 300000
	metric.reporters = []
	metrics.num.samples = 2
	metrics.recording.level = INFO
	metrics.sample.window.ms = 30000
	partitioner.adaptive.partitioning.enable = true
	partitioner.availability.timeout.ms = 0
	partitioner.class = null
	partitioner.ignore.keys = false
	receive.buffer.bytes = 32768
	reconnect.backoff.max.ms = 1000
	reconnect.backoff.ms = 50
	request.timeout.ms = 30000
	retries = 2147483647
	retry.backoff.ms = 100
	sasl.client.callback.handler.class = null
	sasl.jaas.config = null
	sasl.kerberos.kinit.cmd = /usr/bin/kinit
	sasl.kerberos.min.time.before.relogin = 60000
	sasl.kerberos.service.name = null
	sasl.kerberos.ticket.renew.jitter = 0.05
	sasl.kerberos.ticket.renew.window.factor = 0.8
	sasl.login.callback.handler.class = null
	sasl.login.class = null
	sasl.login.connect.timeout.ms = null
	sasl.login.read.timeout.ms = null
	sasl.login.refresh.buffer.seconds = 300
	sasl.login.refresh.min.period.seconds = 60
	sasl.login.refresh.window.factor = 0.8
	sasl.login.refresh.window.jitter = 0.05
	sasl.login.retry.backoff.max.ms = 10000
	sasl.login.retry.backoff.ms = 100
	sasl.mechanism = GSSAPI
	sasl.oauthbearer.clock.skew.seconds = 30
	sasl.oauthbearer.expected.audience = null
	sasl.oauthbearer.expected.issuer = null
	sasl.oauthbearer.jwks.endpoint.refresh.ms = 3600000
	sasl.oauthbearer.jwks.endpoint.retry.backoff.max.ms = 10000
	sasl.oauthbearer.jwks.endpoint.retry.backoff.ms = 100
	sasl.oauthbearer.jwks.endpoint.url = null
	sasl.oauthbearer.scope.claim.name = scope
	sasl.oauthbearer.sub.claim.name = sub
	sasl.oauthbearer.token.endpoint.url = null
	security.protocol = PLAINTEXT
	security.providers = null
	send.buffer.bytes = 131072
	socket.connection.setup.timeout.max.ms = 30000
	socket.connection.setup.timeout.ms = 10000
	ssl.cipher.suites = null
	ssl.enabled.protocols = [TLSv1.2, TLSv1.3]
	ssl.endpoint.identification.algorithm = https
	ssl.engine.factory.class = null
	ssl.key.password = null
	ssl.keymanager.algorithm = SunX509
	ssl.keystore.certificate.chain = null
	ssl.keystore.key = null
	ssl.keystore.location = null
	ssl.keystore.password = null
	ssl.keystore.type = JKS
	ssl.protocol = TLSv1.3
	ssl.provider = null
	ssl.secure.random.implementation = null
	ssl.trustmanager.algorithm = PKIX
	ssl.truststore.certificates = null
	ssl.truststore.location = null
	ssl.truststore.password = null
	ssl.truststore.type = JKS
	transaction.timeout.ms = 60000
	transactional.id = null
	value.serializer = class org.springframework.kafka.support.serializer.JsonSerializer

2025-06-10T21:21:09.480+02:00  INFO 29192 --- [shared] [           main] o.a.k.clients.producer.KafkaProducer     : [Producer clientId=producer-1] Instantiated an idempotent producer.
2025-06-10T21:21:09.495+02:00  INFO 29192 --- [shared] [           main] o.a.kafka.common.utils.AppInfoParser     : Kafka version: 3.6.1
2025-06-10T21:21:09.495+02:00  INFO 29192 --- [shared] [           main] o.a.kafka.common.utils.AppInfoParser     : Kafka commitId: 5e3c2b738d253ff5
2025-06-10T21:21:09.495+02:00  INFO 29192 --- [shared] [           main] o.a.kafka.common.utils.AppInfoParser     : Kafka startTimeMs: 1749583269495
2025-06-10T21:21:09.504+02:00  INFO 29192 --- [shared] [ad | producer-1] org.apache.kafka.clients.Metadata        : [Producer clientId=producer-1] Cluster ID: Sypt3anzSguq94asfEAGjg
2025-06-10T21:21:09.525+02:00  INFO 29192 --- [shared] [ad | producer-1] o.a.k.c.p.internals.TransactionManager   : [Producer clientId=producer-1] ProducerId set to 0 with epoch 0
2025-06-10T21:21:09.581+02:00  INFO 29192 --- [shared] [           main] o.a.k.clients.producer.KafkaProducer     : [Producer clientId=producer-1] Closing the Kafka producer with timeoutMillis = 9223372036854775807 ms.
2025-06-10T21:21:09.586+02:00  INFO 29192 --- [shared] [           main] o.apache.kafka.common.metrics.Metrics    : Metrics scheduler closed
2025-06-10T21:21:09.586+02:00  INFO 29192 --- [shared] [           main] o.apache.kafka.common.metrics.Metrics    : Closing reporter org.apache.kafka.common.metrics.JmxReporter
2025-06-10T21:21:09.587+02:00  INFO 29192 --- [shared] [           main] o.apache.kafka.common.metrics.Metrics    : Metrics reporters closed
2025-06-10T21:21:09.587+02:00  INFO 29192 --- [shared] [           main] o.a.kafka.common.utils.AppInfoParser     : App info kafka.producer for producer-1 unregistered
2025-06-10T21:21:09.594+02:00  INFO 29192 --- [shared] [           main] org.apache.kafka.clients.Metadata        : [Consumer clientId=consumer-test-consumer-group-b366ffc8-2d07-486b-9fa9-0fd547234638-4, groupId=test-consumer-group-b366ffc8-2d07-486b-9fa9-0fd547234638] Cluster ID: Sypt3anzSguq94asfEAGjg
2025-06-10T21:21:09.595+02:00  INFO 29192 --- [shared] [           main] o.a.k.c.c.internals.ConsumerCoordinator  : [Consumer clientId=consumer-test-consumer-group-b366ffc8-2d07-486b-9fa9-0fd547234638-4, groupId=test-consumer-group-b366ffc8-2d07-486b-9fa9-0fd547234638] Discovered group coordinator localhost:64569 (id: 2147483646 rack: null)
2025-06-10T21:21:09.596+02:00  INFO 29192 --- [shared] [           main] o.a.k.c.c.internals.ConsumerCoordinator  : [Consumer clientId=consumer-test-consumer-group-b366ffc8-2d07-486b-9fa9-0fd547234638-4, groupId=test-consumer-group-b366ffc8-2d07-486b-9fa9-0fd547234638] (Re-)joining group
2025-06-10T21:21:09.602+02:00  INFO 29192 --- [shared] [           main] o.a.k.c.c.internals.ConsumerCoordinator  : [Consumer clientId=consumer-test-consumer-group-b366ffc8-2d07-486b-9fa9-0fd547234638-4, groupId=test-consumer-group-b366ffc8-2d07-486b-9fa9-0fd547234638] Request joining group due to: need to re-join with the given member-id: consumer-test-consumer-group-b366ffc8-2d07-486b-9fa9-0fd547234638-4-2a329207-91a5-4a63-90a7-4f4c2e34d022
2025-06-10T21:21:09.602+02:00  INFO 29192 --- [shared] [           main] o.a.k.c.c.internals.ConsumerCoordinator  : [Consumer clientId=consumer-test-consumer-group-b366ffc8-2d07-486b-9fa9-0fd547234638-4, groupId=test-consumer-group-b366ffc8-2d07-486b-9fa9-0fd547234638] Request joining group due to: rebalance failed due to 'The group member needs to have a valid member id before actually entering a consumer group.' (MemberIdRequiredException)
2025-06-10T21:21:09.602+02:00  INFO 29192 --- [shared] [           main] o.a.k.c.c.internals.ConsumerCoordinator  : [Consumer clientId=consumer-test-consumer-group-b366ffc8-2d07-486b-9fa9-0fd547234638-4, groupId=test-consumer-group-b366ffc8-2d07-486b-9fa9-0fd547234638] (Re-)joining group
2025-06-10T21:21:09.608+02:00  INFO 29192 --- [shared] [           main] o.a.k.c.c.internals.ConsumerCoordinator  : [Consumer clientId=consumer-test-consumer-group-b366ffc8-2d07-486b-9fa9-0fd547234638-4, groupId=test-consumer-group-b366ffc8-2d07-486b-9fa9-0fd547234638] Successfully joined group with generation Generation{generationId=1, memberId='consumer-test-consumer-group-b366ffc8-2d07-486b-9fa9-0fd547234638-4-2a329207-91a5-4a63-90a7-4f4c2e34d022', protocol='range'}
2025-06-10T21:21:09.608+02:00  INFO 29192 --- [shared] [           main] o.a.k.c.c.internals.ConsumerCoordinator  : [Consumer clientId=consumer-test-consumer-group-b366ffc8-2d07-486b-9fa9-0fd547234638-4, groupId=test-consumer-group-b366ffc8-2d07-486b-9fa9-0fd547234638] Finished assignment for group at generation 1: {consumer-test-consumer-group-b366ffc8-2d07-486b-9fa9-0fd547234638-4-2a329207-91a5-4a63-90a7-4f4c2e34d022=Assignment(partitions=[shipment-delivered-0])}
2025-06-10T21:21:09.614+02:00  INFO 29192 --- [shared] [           main] o.a.k.c.c.internals.ConsumerCoordinator  : [Consumer clientId=consumer-test-consumer-group-b366ffc8-2d07-486b-9fa9-0fd547234638-4, groupId=test-consumer-group-b366ffc8-2d07-486b-9fa9-0fd547234638] Successfully synced group in generation Generation{generationId=1, memberId='consumer-test-consumer-group-b366ffc8-2d07-486b-9fa9-0fd547234638-4-2a329207-91a5-4a63-90a7-4f4c2e34d022', protocol='range'}
2025-06-10T21:21:09.614+02:00  INFO 29192 --- [shared] [           main] o.a.k.c.c.internals.ConsumerCoordinator  : [Consumer clientId=consumer-test-consumer-group-b366ffc8-2d07-486b-9fa9-0fd547234638-4, groupId=test-consumer-group-b366ffc8-2d07-486b-9fa9-0fd547234638] Notifying assignor about the new Assignment(partitions=[shipment-delivered-0])
2025-06-10T21:21:09.615+02:00  INFO 29192 --- [shared] [           main] o.a.k.c.c.internals.ConsumerCoordinator  : [Consumer clientId=consumer-test-consumer-group-b366ffc8-2d07-486b-9fa9-0fd547234638-4, groupId=test-consumer-group-b366ffc8-2d07-486b-9fa9-0fd547234638] Adding newly assigned partitions: shipment-delivered-0
2025-06-10T21:21:09.617+02:00  INFO 29192 --- [shared] [           main] o.a.k.c.c.internals.ConsumerCoordinator  : [Consumer clientId=consumer-test-consumer-group-b366ffc8-2d07-486b-9fa9-0fd547234638-4, groupId=test-consumer-group-b366ffc8-2d07-486b-9fa9-0fd547234638] Found no committed offset for partition shipment-delivered-0
2025-06-10T21:21:09.625+02:00  INFO 29192 --- [shared] [           main] o.a.k.c.c.internals.SubscriptionState    : [Consumer clientId=consumer-test-consumer-group-b366ffc8-2d07-486b-9fa9-0fd547234638-4, groupId=test-consumer-group-b366ffc8-2d07-486b-9fa9-0fd547234638] Resetting offset for partition shipment-delivered-0 to position FetchPosition{offset=0, offsetEpoch=Optional.empty, currentLeader=LeaderAndEpoch{leader=Optional[localhost:64569 (id: 1 rack: null)], epoch=0}}.
2025-06-10T21:21:09.630+02:00  INFO 29192 --- [shared] [ntainer#1-0-C-1] c.l.l.n.listener.ShipmentEventListener   : Received shipment delivered event: ShipmentDeliveredEvent{correlationId='corr-id-001', timestamp=2025-06-10T19:21:09.462845600Z, version='v1'}
2025-06-10T21:21:09.634+02:00  INFO 29192 --- [shared] [ntainer#1-0-C-1] c.l.l.n.listener.ShipmentEventListener   : Saved notification: Notification{id='8357ebd3-f0ce-4e30-ad59-b4cefdfb4978', shipmentId='SHIP-123', message='Shipment SHIP-123 has been delivered to Berlin', type=SHIPMENT_DELIVERED, timestamp=2025-06-10T21:21:09.631833}
2025-06-10T21:21:09.693+02:00  INFO 29192 --- [shared] [           main] o.a.k.c.c.internals.ConsumerCoordinator  : [Consumer clientId=consumer-test-consumer-group-b366ffc8-2d07-486b-9fa9-0fd547234638-4, groupId=test-consumer-group-b366ffc8-2d07-486b-9fa9-0fd547234638] Revoke previously assigned partitions shipment-delivered-0
2025-06-10T21:21:09.693+02:00  INFO 29192 --- [shared] [           main] o.a.k.c.c.internals.ConsumerCoordinator  : [Consumer clientId=consumer-test-consumer-group-b366ffc8-2d07-486b-9fa9-0fd547234638-4, groupId=test-consumer-group-b366ffc8-2d07-486b-9fa9-0fd547234638] Member consumer-test-consumer-group-b366ffc8-2d07-486b-9fa9-0fd547234638-4-2a329207-91a5-4a63-90a7-4f4c2e34d022 sending LeaveGroup request to coordinator localhost:64569 (id: 2147483646 rack: null) due to the consumer is being closed
2025-06-10T21:21:09.694+02:00  INFO 29192 --- [shared] [           main] o.a.k.c.c.internals.ConsumerCoordinator  : [Consumer clientId=consumer-test-consumer-group-b366ffc8-2d07-486b-9fa9-0fd547234638-4, groupId=test-consumer-group-b366ffc8-2d07-486b-9fa9-0fd547234638] Resetting generation and member id due to: consumer pro-actively leaving the group
2025-06-10T21:21:09.694+02:00  INFO 29192 --- [shared] [           main] o.a.k.c.c.internals.ConsumerCoordinator  : [Consumer clientId=consumer-test-consumer-group-b366ffc8-2d07-486b-9fa9-0fd547234638-4, groupId=test-consumer-group-b366ffc8-2d07-486b-9fa9-0fd547234638] Request joining group due to: consumer pro-actively leaving the group
2025-06-10T21:21:10.136+02:00  INFO 29192 --- [shared] [           main] o.apache.kafka.common.metrics.Metrics    : Metrics scheduler closed
2025-06-10T21:21:10.136+02:00  INFO 29192 --- [shared] [           main] o.apache.kafka.common.metrics.Metrics    : Closing reporter org.apache.kafka.common.metrics.JmxReporter
2025-06-10T21:21:10.136+02:00  INFO 29192 --- [shared] [           main] o.apache.kafka.common.metrics.Metrics    : Metrics reporters closed
2025-06-10T21:21:10.138+02:00  INFO 29192 --- [shared] [           main] o.a.kafka.common.utils.AppInfoParser     : App info kafka.consumer for consumer-test-consumer-group-b366ffc8-2d07-486b-9fa9-0fd547234638-4 unregistered
]]></system-out>
    <system-err><![CDATA[WARNING: A Java agent has been loaded dynamically (C:\Users\Marco Kaul\.m2\repository\net\bytebuddy\byte-buddy-agent\1.14.13\byte-buddy-agent-1.14.13.jar)
WARNING: If a serviceability tool is in use, please run with -XX:+EnableDynamicAgentLoading to hide this warning
WARNING: If a serviceability tool is not in use, please run with -Djdk.instrument.traceUsage for more information
WARNING: Dynamic loading of agents will be disallowed by default in a future release
]]></system-err>
  </testcase>
</testsuite>